{"/home/travis/build/npmtest/node-npmtest-markdown-it/test.js":{"path":"/home/travis/build/npmtest/node-npmtest-markdown-it/test.js","s":{"1":2,"2":2,"3":2,"4":2,"5":2,"6":2,"7":2,"8":1,"9":2,"10":2,"11":1,"12":1,"13":1,"14":1,"15":2,"16":2,"17":2,"18":2,"19":1,"20":1,"21":2,"22":2,"23":2,"24":1,"25":1,"26":1,"27":1,"28":1,"29":1,"30":1,"31":1,"32":1,"33":1,"34":1,"35":1,"36":1,"37":1,"38":1,"39":2,"40":2,"41":1,"42":2,"43":2,"44":1,"45":2,"46":2,"47":1,"48":2,"49":2,"50":1,"51":1,"52":1,"53":1,"54":1},"b":{"1":[2,1,1,1],"2":[1,1,1,1],"3":[1,1],"4":[1,1],"5":[1,1],"6":[1,1],"7":[1,1],"8":[1,1],"9":[1,1],"10":[1,1,1],"11":[1,1],"12":[1,1],"13":[1,1],"14":[1,1],"15":[1,1],"16":[1,1],"17":[1,1]},"f":{"1":2,"2":2,"3":2,"4":2,"5":2,"6":1,"7":1,"8":1,"9":2,"10":2,"11":2,"12":2,"13":1},"fnMap":{"1":{"name":"(anonymous_1)","line":12,"loc":{"start":{"line":12,"column":1},"end":{"line":12,"column":13}}},"2":{"name":"(anonymous_2)","line":19,"loc":{"start":{"line":19,"column":5},"end":{"line":19,"column":17}}},"3":{"name":"(anonymous_3)","line":23,"loc":{"start":{"line":23,"column":24},"end":{"line":23,"column":36}}},"4":{"name":"(anonymous_4)","line":61,"loc":{"start":{"line":61,"column":5},"end":{"line":61,"column":17}}},"5":{"name":"(anonymous_5)","line":82,"loc":{"start":{"line":82,"column":5},"end":{"line":82,"column":17}}},"6":{"name":"(anonymous_6)","line":91,"loc":{"start":{"line":91,"column":77},"end":{"line":94,"column":10}}},"7":{"name":"(anonymous_7)","line":112,"loc":{"start":{"line":112,"column":83},"end":{"line":115,"column":10}},"skip":true},"8":{"name":"(anonymous_8)","line":123,"loc":{"start":{"line":123,"column":77},"end":{"line":126,"column":10}},"skip":true},"9":{"name":"(anonymous_9)","line":139,"loc":{"start":{"line":139,"column":12},"end":{"line":139,"column":40}},"skip":true},"10":{"name":"(anonymous_10)","line":147,"loc":{"start":{"line":147,"column":77},"end":{"line":150,"column":10}},"skip":true},"11":{"name":"(anonymous_11)","line":158,"loc":{"start":{"line":158,"column":83},"end":{"line":161,"column":10}},"skip":true},"12":{"name":"(anonymous_12)","line":169,"loc":{"start":{"line":169,"column":79},"end":{"line":172,"column":10}},"skip":true},"13":{"name":"(anonymous_13)","line":180,"loc":{"start":{"line":180,"column":75},"end":{"line":183,"column":10}},"skip":true}},"statementMap":{"1":{"start":{"line":12,"column":0},"end":{"line":195,"column":5}},"2":{"start":{"line":14,"column":4},"end":{"line":14,"column":14}},"3":{"start":{"line":19,"column":4},"end":{"line":56,"column":9}},"4":{"start":{"line":21,"column":8},"end":{"line":21,"column":19}},"5":{"start":{"line":23,"column":8},"end":{"line":35,"column":13}},"6":{"start":{"line":24,"column":12},"end":{"line":34,"column":13}},"7":{"start":{"line":25,"column":16},"end":{"line":28,"column":30}},"8":{"start":{"line":30,"column":16},"end":{"line":33,"column":27}},"9":{"start":{"line":37,"column":8},"end":{"line":39,"column":21}},"10":{"start":{"line":40,"column":8},"end":{"line":53,"column":9}},"11":{"start":{"line":43,"column":12},"end":{"line":46,"column":14}},"12":{"start":{"line":47,"column":12},"end":{"line":47,"column":18}},"13":{"start":{"line":50,"column":12},"end":{"line":51,"column":33}},"14":{"start":{"line":52,"column":12},"end":{"line":52,"column":18}},"15":{"start":{"line":55,"column":8},"end":{"line":55,"column":35}},"16":{"start":{"line":61,"column":4},"end":{"line":63,"column":9}},"17":{"start":{"line":62,"column":8},"end":{"line":62,"column":15}},"18":{"start":{"line":64,"column":4},"end":{"line":77,"column":5}},"19":{"start":{"line":70,"column":8},"end":{"line":70,"column":14}},"20":{"start":{"line":76,"column":8},"end":{"line":76,"column":14}},"21":{"start":{"line":82,"column":4},"end":{"line":84,"column":9}},"22":{"start":{"line":83,"column":8},"end":{"line":83,"column":15}},"23":{"start":{"line":85,"column":4},"end":{"line":194,"column":5}},"24":{"start":{"line":91,"column":8},"end":{"line":99,"column":10}},"25":{"start":{"line":98,"column":12},"end":{"line":98,"column":35}},"26":{"start":{"line":102,"column":8},"end":{"line":104,"column":63}},"27":{"start":{"line":105,"column":8},"end":{"line":105,"column":14}},"28":{"start":{"line":112,"column":8},"end":{"line":121,"column":10},"skip":true},"29":{"start":{"line":119,"column":12},"end":{"line":119,"column":55},"skip":true},"30":{"start":{"line":120,"column":12},"end":{"line":120,"column":48},"skip":true},"31":{"start":{"line":123,"column":8},"end":{"line":136,"column":10},"skip":true},"32":{"start":{"line":130,"column":12},"end":{"line":130,"column":76},"skip":true},"33":{"start":{"line":131,"column":12},"end":{"line":131,"column":73},"skip":true},"34":{"start":{"line":132,"column":12},"end":{"line":132,"column":74},"skip":true},"35":{"start":{"line":133,"column":12},"end":{"line":133,"column":79},"skip":true},"36":{"start":{"line":134,"column":12},"end":{"line":134,"column":25},"skip":true},"37":{"start":{"line":135,"column":12},"end":{"line":135,"column":45},"skip":true},"38":{"start":{"line":138,"column":8},"end":{"line":145,"column":14},"skip":true},"39":{"start":{"line":143,"column":16},"end":{"line":143,"column":29},"skip":true},"40":{"start":{"line":144,"column":16},"end":{"line":144,"column":55},"skip":true},"41":{"start":{"line":147,"column":8},"end":{"line":156,"column":10},"skip":true},"42":{"start":{"line":154,"column":12},"end":{"line":154,"column":25},"skip":true},"43":{"start":{"line":155,"column":12},"end":{"line":155,"column":45},"skip":true},"44":{"start":{"line":158,"column":8},"end":{"line":167,"column":10},"skip":true},"45":{"start":{"line":165,"column":12},"end":{"line":165,"column":25},"skip":true},"46":{"start":{"line":166,"column":12},"end":{"line":166,"column":48},"skip":true},"47":{"start":{"line":169,"column":8},"end":{"line":178,"column":10},"skip":true},"48":{"start":{"line":176,"column":12},"end":{"line":176,"column":25},"skip":true},"49":{"start":{"line":177,"column":12},"end":{"line":177,"column":46},"skip":true},"50":{"start":{"line":180,"column":8},"end":{"line":189,"column":10},"skip":true},"51":{"start":{"line":187,"column":12},"end":{"line":187,"column":94},"skip":true},"52":{"start":{"line":188,"column":12},"end":{"line":188,"column":48},"skip":true},"53":{"start":{"line":192,"column":8},"end":{"line":192,"column":35},"skip":true},"54":{"start":{"line":193,"column":8},"end":{"line":193,"column":14},"skip":true}},"branchMap":{"1":{"line":25,"type":"binary-expr","locations":[{"start":{"line":25,"column":23},"end":{"line":25,"column":62}},{"start":{"line":26,"column":20},"end":{"line":26,"column":70}},{"start":{"line":27,"column":20},"end":{"line":27,"column":71}},{"start":{"line":28,"column":20},"end":{"line":28,"column":29}}]},"2":{"line":30,"type":"binary-expr","locations":[{"start":{"line":30,"column":23},"end":{"line":30,"column":37}},{"start":{"line":31,"column":20},"end":{"line":31,"column":61}},{"start":{"line":32,"column":20},"end":{"line":32,"column":70}},{"start":{"line":33,"column":20},"end":{"line":33,"column":26}}]},"3":{"line":37,"type":"cond-expr","locations":[{"start":{"line":38,"column":14},"end":{"line":38,"column":20}},{"start":{"line":39,"column":14},"end":{"line":39,"column":20}}]},"4":{"line":40,"type":"switch","locations":[{"start":{"line":42,"column":8},"end":{"line":47,"column":18}},{"start":{"line":49,"column":8},"end":{"line":52,"column":18}}]},"5":{"line":44,"type":"binary-expr","locations":[{"start":{"line":44,"column":16},"end":{"line":44,"column":44}},{"start":{"line":44,"column":48},"end":{"line":44,"column":66}}]},"6":{"line":50,"type":"binary-expr","locations":[{"start":{"line":50,"column":21},"end":{"line":50,"column":49}},{"start":{"line":50,"column":53},"end":{"line":50,"column":72}}]},"7":{"line":64,"type":"switch","locations":[{"start":{"line":69,"column":4},"end":{"line":70,"column":14}},{"start":{"line":75,"column":4},"end":{"line":76,"column":14}}]},"8":{"line":85,"type":"switch","locations":[{"start":{"line":90,"column":4},"end":{"line":105,"column":14}},{"start":{"line":111,"column":4},"end":{"line":193,"column":14},"skip":true}]},"9":{"line":91,"type":"binary-expr","locations":[{"start":{"line":91,"column":42},"end":{"line":91,"column":73}},{"start":{"line":91,"column":77},"end":{"line":99,"column":9}}]},"10":{"line":102,"type":"binary-expr","locations":[{"start":{"line":102,"column":18},"end":{"line":102,"column":32}},{"start":{"line":103,"column":12},"end":{"line":103,"column":53}},{"start":{"line":104,"column":12},"end":{"line":104,"column":61}}]},"11":{"line":112,"type":"binary-expr","locations":[{"start":{"line":112,"column":45},"end":{"line":112,"column":79},"skip":true},{"start":{"line":112,"column":83},"end":{"line":121,"column":9},"skip":true}]},"12":{"line":123,"type":"binary-expr","locations":[{"start":{"line":123,"column":42},"end":{"line":123,"column":73},"skip":true},{"start":{"line":123,"column":77},"end":{"line":136,"column":9},"skip":true}]},"13":{"line":138,"type":"binary-expr","locations":[{"start":{"line":138,"column":48},"end":{"line":138,"column":85},"skip":true},{"start":{"line":139,"column":12},"end":{"line":145,"column":13},"skip":true}]},"14":{"line":147,"type":"binary-expr","locations":[{"start":{"line":147,"column":42},"end":{"line":147,"column":73},"skip":true},{"start":{"line":147,"column":77},"end":{"line":156,"column":9},"skip":true}]},"15":{"line":158,"type":"binary-expr","locations":[{"start":{"line":158,"column":45},"end":{"line":158,"column":79},"skip":true},{"start":{"line":158,"column":83},"end":{"line":167,"column":9},"skip":true}]},"16":{"line":169,"type":"binary-expr","locations":[{"start":{"line":169,"column":43},"end":{"line":169,"column":75},"skip":true},{"start":{"line":169,"column":79},"end":{"line":178,"column":9},"skip":true}]},"17":{"line":180,"type":"binary-expr","locations":[{"start":{"line":180,"column":41},"end":{"line":180,"column":71},"skip":true},{"start":{"line":180,"column":75},"end":{"line":189,"column":9},"skip":true}]}},"code":["/* istanbul instrument in package npmtest_markdown_it */","/*jslint","    bitwise: true,","    browser: true,","    maxerr: 8,","    maxlen: 96,","    node: true,","    nomen: true,","    regexp: true,","    stupid: true","*/","(function () {","    'use strict';","    var local;","","","","    // run shared js-env code - pre-init","    (function () {","        // init local","        local = {};","        // init modeJs","        local.modeJs = (function () {","            try {","                return typeof navigator.userAgent === 'string' &&","                    typeof document.querySelector('body') === 'object' &&","                    typeof XMLHttpRequest.prototype.open === 'function' &&","                    'browser';","            } catch (errorCaughtBrowser) {","                return module.exports &&","                    typeof process.versions.node === 'string' &&","                    typeof require('http').createServer === 'function' &&","                    'node';","            }","        }());","        // init global","        local.global = local.modeJs === 'browser'","            ? window","            : global;","        switch (local.modeJs) {","        // re-init local from window.local","        case 'browser':","            local = local.global.utility2.objectSetDefault(","                local.global.utility2_rollup || local.global.local,","                local.global.utility2","            );","            break;","        // re-init local from example.js","        case 'node':","            local = (local.global.utility2_rollup || require('utility2'))","                .requireReadme();","            break;","        }","        // export local","        local.global.local = local;","    }());","","","","    // run shared js-env code - function","    (function () {","        return;","    }());","    switch (local.modeJs) {","","","","    // run browser js-env code - function","    case 'browser':","        break;","","","","    // run node js-env code - function","    case 'node':","        break;","    }","","","","    // run shared js-env code - post-init","    (function () {","        return;","    }());","    switch (local.modeJs) {","","","","    // run browser js-env code - post-init","    case 'browser':","        local.testCase_browser_nullCase = local.testCase_browser_nullCase || function (","            options,","            onError","        ) {","        /*","         * this function will test browsers's null-case handling-behavior-behavior","         */","            onError(null, options);","        };","","        // run tests","        local.nop(local.modeTest &&","            document.querySelector('#testRunButton1') &&","            document.querySelector('#testRunButton1').click());","        break;","","","","    // run node js-env code - post-init","    /* istanbul ignore next */","    case 'node':","        local.testCase_buildApidoc_default = local.testCase_buildApidoc_default || function (","            options,","            onError","        ) {","        /*","         * this function will test buildApidoc's default handling-behavior-behavior","         */","            options = { modulePathList: module.paths };","            local.buildApidoc(options, onError);","        };","","        local.testCase_buildApp_default = local.testCase_buildApp_default || function (","            options,","            onError","        ) {","        /*","         * this function will test buildApp's default handling-behavior-behavior","         */","            local.testCase_buildReadme_default(options, local.onErrorThrow);","            local.testCase_buildLib_default(options, local.onErrorThrow);","            local.testCase_buildTest_default(options, local.onErrorThrow);","            local.testCase_buildCustomOrg_default(options, local.onErrorThrow);","            options = [];","            local.buildApp(options, onError);","        };","","        local.testCase_buildCustomOrg_default = local.testCase_buildCustomOrg_default ||","            function (options, onError) {","            /*","             * this function will test buildCustomOrg's default handling-behavior","             */","                options = {};","                local.buildCustomOrg(options, onError);","            };","","        local.testCase_buildLib_default = local.testCase_buildLib_default || function (","            options,","            onError","        ) {","        /*","         * this function will test buildLib's default handling-behavior","         */","            options = {};","            local.buildLib(options, onError);","        };","","        local.testCase_buildReadme_default = local.testCase_buildReadme_default || function (","            options,","            onError","        ) {","        /*","         * this function will test buildReadme's default handling-behavior-behavior","         */","            options = {};","            local.buildReadme(options, onError);","        };","","        local.testCase_buildTest_default = local.testCase_buildTest_default || function (","            options,","            onError","        ) {","        /*","         * this function will test buildTest's default handling-behavior","         */","            options = {};","            local.buildTest(options, onError);","        };","","        local.testCase_webpage_default = local.testCase_webpage_default || function (","            options,","            onError","        ) {","        /*","         * this function will test webpage's default handling-behavior","         */","            options = { modeCoverageMerge: true, url: local.serverLocalHost + '?modeTest=1' };","            local.browserTest(options, onError);","        };","","        // run test-server","        local.testRunServer(local);","        break;","    }","}());",""],"l":{"12":2,"14":2,"19":2,"21":2,"23":2,"24":2,"25":2,"30":1,"37":2,"40":2,"43":1,"47":1,"50":1,"52":1,"55":2,"61":2,"62":2,"64":2,"70":1,"76":1,"82":2,"83":2,"85":2,"91":1,"98":1,"102":1,"105":1,"112":1,"119":1,"120":1,"123":1,"130":1,"131":1,"132":1,"133":1,"134":1,"135":1,"138":1,"143":2,"144":2,"147":1,"154":2,"155":2,"158":1,"165":2,"166":2,"169":1,"176":2,"177":2,"180":1,"187":1,"188":1,"192":1,"193":1}},"/home/travis/build/npmtest/node-npmtest-markdown-it/lib.npmtest_markdown_it.js":{"path":"/home/travis/build/npmtest/node-npmtest-markdown-it/lib.npmtest_markdown_it.js","s":{"1":2,"2":2,"3":2,"4":2,"5":2,"6":2,"7":2,"8":1,"9":2,"10":2,"11":2,"12":2,"13":1,"14":1,"15":1,"16":1},"b":{"1":[2,1,1,1],"2":[1,1,1,1],"3":[1,1],"4":[2,2],"5":[1,1]},"f":{"1":2,"2":2,"3":2},"fnMap":{"1":{"name":"(anonymous_1)","line":12,"loc":{"start":{"line":12,"column":1},"end":{"line":12,"column":13}}},"2":{"name":"(anonymous_2)","line":19,"loc":{"start":{"line":19,"column":5},"end":{"line":19,"column":17}}},"3":{"name":"(anonymous_3)","line":23,"loc":{"start":{"line":23,"column":24},"end":{"line":23,"column":36}}}},"statementMap":{"1":{"start":{"line":12,"column":0},"end":{"line":53,"column":5}},"2":{"start":{"line":14,"column":4},"end":{"line":14,"column":14}},"3":{"start":{"line":19,"column":4},"end":{"line":52,"column":9}},"4":{"start":{"line":21,"column":8},"end":{"line":21,"column":19}},"5":{"start":{"line":23,"column":8},"end":{"line":35,"column":13}},"6":{"start":{"line":24,"column":12},"end":{"line":34,"column":13}},"7":{"start":{"line":25,"column":16},"end":{"line":28,"column":30}},"8":{"start":{"line":30,"column":16},"end":{"line":33,"column":27}},"9":{"start":{"line":37,"column":8},"end":{"line":39,"column":21}},"10":{"start":{"line":41,"column":8},"end":{"line":41,"column":54}},"11":{"start":{"line":43,"column":8},"end":{"line":43,"column":56}},"12":{"start":{"line":45,"column":8},"end":{"line":51,"column":9}},"13":{"start":{"line":46,"column":12},"end":{"line":46,"column":62}},"14":{"start":{"line":48,"column":12},"end":{"line":48,"column":35}},"15":{"start":{"line":49,"column":12},"end":{"line":49,"column":49}},"16":{"start":{"line":50,"column":12},"end":{"line":50,"column":43}}},"branchMap":{"1":{"line":25,"type":"binary-expr","locations":[{"start":{"line":25,"column":23},"end":{"line":25,"column":62}},{"start":{"line":26,"column":20},"end":{"line":26,"column":70}},{"start":{"line":27,"column":20},"end":{"line":27,"column":71}},{"start":{"line":28,"column":20},"end":{"line":28,"column":29}}]},"2":{"line":30,"type":"binary-expr","locations":[{"start":{"line":30,"column":23},"end":{"line":30,"column":37}},{"start":{"line":31,"column":20},"end":{"line":31,"column":61}},{"start":{"line":32,"column":20},"end":{"line":32,"column":70}},{"start":{"line":33,"column":20},"end":{"line":33,"column":26}}]},"3":{"line":37,"type":"cond-expr","locations":[{"start":{"line":38,"column":14},"end":{"line":38,"column":20}},{"start":{"line":39,"column":14},"end":{"line":39,"column":20}}]},"4":{"line":41,"type":"binary-expr","locations":[{"start":{"line":41,"column":16},"end":{"line":41,"column":44}},{"start":{"line":41,"column":48},"end":{"line":41,"column":53}}]},"5":{"line":45,"type":"if","locations":[{"start":{"line":45,"column":8},"end":{"line":45,"column":8}},{"start":{"line":45,"column":8},"end":{"line":45,"column":8}}]}},"code":["/* istanbul instrument in package npmtest_markdown_it */","/*jslint","    bitwise: true,","    browser: true,","    maxerr: 8,","    maxlen: 96,","    node: true,","    nomen: true,","    regexp: true,","    stupid: true","*/","(function () {","    'use strict';","    var local;","","","","    // run shared js-env code - pre-init","    (function () {","        // init local","        local = {};","        // init modeJs","        local.modeJs = (function () {","            try {","                return typeof navigator.userAgent === 'string' &&","                    typeof document.querySelector('body') === 'object' &&","                    typeof XMLHttpRequest.prototype.open === 'function' &&","                    'browser';","            } catch (errorCaughtBrowser) {","                return module.exports &&","                    typeof process.versions.node === 'string' &&","                    typeof require('http').createServer === 'function' &&","                    'node';","            }","        }());","        // init global","        local.global = local.modeJs === 'browser'","            ? window","            : global;","        // init utility2_rollup","        local = local.global.utility2_rollup || local;","        // init lib","        local.local = local.npmtest_markdown_it = local;","        // init exports","        if (local.modeJs === 'browser') {","            local.global.utility2_npmtest_markdown_it = local;","        } else {","            module.exports = local;","            module.exports.__dirname = __dirname;","            module.exports.module = module;","        }","    }());","}());",""],"l":{"12":2,"14":2,"19":2,"21":2,"23":2,"24":2,"25":2,"30":1,"37":2,"41":2,"43":2,"45":2,"46":1,"48":1,"49":1,"50":1}},"/home/travis/build/npmtest/node-npmtest-markdown-it/example.js":{"path":"/home/travis/build/npmtest/node-npmtest-markdown-it/example.js","s":{"1":2,"2":2,"3":2,"4":2,"5":2,"6":2,"7":2,"8":1,"9":2,"10":2,"11":2,"12":2,"13":1,"14":2,"15":2,"16":2,"17":2,"18":2,"19":0,"20":2,"21":1,"22":1,"23":1,"24":1,"25":1,"26":0,"27":0,"28":1,"29":1,"30":2,"31":0,"32":0,"33":0,"34":1,"35":2,"36":2,"37":3,"38":3,"39":3,"40":3,"41":0,"42":3,"43":3,"44":3,"45":1,"46":3,"47":1,"48":1,"49":1,"50":1,"51":1,"52":1,"53":1,"54":1,"55":1,"56":1,"57":0,"58":1,"59":6,"60":6,"61":1,"62":2,"63":0,"64":2,"65":1,"66":1,"67":0,"68":0,"69":0,"70":0,"71":0,"72":0,"73":0,"74":0,"75":0,"76":0,"77":0,"78":0,"79":0,"80":0,"81":0,"82":0,"83":0},"b":{"1":[2,1,1,1],"2":[1,1,1,1],"3":[1,1],"4":[2,2],"5":[1,1],"6":[1,1],"7":[2,0],"8":[2,1,1,1,1,1],"9":[0,2,0],"10":[1,1],"11":[2,1,1],"12":[1,0],"13":[0,2],"14":[2,0,0,0,0,0,0],"15":[0,3],"16":[3,0],"17":[1,1],"18":[0,1],"19":[1,2,0,2],"20":[1,0],"21":[1,1],"22":[0,0],"23":[0,0],"24":[0,0],"25":[0,0],"26":[0,0],"27":[0,0],"28":[0,0]},"f":{"1":2,"2":2,"3":2,"4":2,"5":2,"6":2,"7":3,"8":3,"9":3,"10":1,"11":6,"12":0},"fnMap":{"1":{"name":"(anonymous_1)","line":26,"loc":{"start":{"line":26,"column":1},"end":{"line":26,"column":13}}},"2":{"name":"(anonymous_2)","line":33,"loc":{"start":{"line":33,"column":5},"end":{"line":33,"column":17}}},"3":{"name":"(anonymous_3)","line":37,"loc":{"start":{"line":37,"column":24},"end":{"line":37,"column":36}}},"4":{"name":"(anonymous_4)","line":69,"loc":{"start":{"line":69,"column":31},"end":{"line":69,"column":48}},"skip":true},"5":{"name":"(anonymous_5)","line":78,"loc":{"start":{"line":78,"column":26},"end":{"line":78,"column":45}},"skip":true},"6":{"name":"(anonymous_6)","line":123,"loc":{"start":{"line":123,"column":33},"end":{"line":123,"column":48}},"skip":true},"7":{"name":"(anonymous_7)","line":125,"loc":{"start":{"line":125,"column":27},"end":{"line":125,"column":39}},"skip":true},"8":{"name":"(anonymous_8)","line":133,"loc":{"start":{"line":133,"column":59},"end":{"line":133,"column":74}},"skip":true},"9":{"name":"(anonymous_9)","line":143,"loc":{"start":{"line":143,"column":45},"end":{"line":143,"column":62}},"skip":true},"10":{"name":"(anonymous_10)","line":144,"loc":{"start":{"line":144,"column":73},"end":{"line":144,"column":92}},"skip":true},"11":{"name":"(anonymous_11)","line":272,"loc":{"start":{"line":272,"column":51},"end":{"line":272,"column":77}},"skip":true},"12":{"name":"(anonymous_12)","line":315,"loc":{"start":{"line":315,"column":32},"end":{"line":315,"column":61}},"skip":true}},"statementMap":{"1":{"start":{"line":26,"column":0},"end":{"line":326,"column":5}},"2":{"start":{"line":28,"column":4},"end":{"line":28,"column":14}},"3":{"start":{"line":33,"column":4},"end":{"line":60,"column":9}},"4":{"start":{"line":35,"column":8},"end":{"line":35,"column":19}},"5":{"start":{"line":37,"column":8},"end":{"line":49,"column":13}},"6":{"start":{"line":38,"column":12},"end":{"line":48,"column":13}},"7":{"start":{"line":39,"column":16},"end":{"line":42,"column":30}},"8":{"start":{"line":44,"column":16},"end":{"line":47,"column":27}},"9":{"start":{"line":51,"column":8},"end":{"line":53,"column":21}},"10":{"start":{"line":55,"column":8},"end":{"line":57,"column":45}},"11":{"start":{"line":59,"column":8},"end":{"line":59,"column":35}},"12":{"start":{"line":61,"column":4},"end":{"line":325,"column":5}},"13":{"start":{"line":69,"column":8},"end":{"line":121,"column":10},"skip":true},"14":{"start":{"line":70,"column":12},"end":{"line":88,"column":13},"skip":true},"15":{"start":{"line":76,"column":16},"end":{"line":87,"column":19},"skip":true},"16":{"start":{"line":79,"column":20},"end":{"line":86,"column":21},"skip":true},"17":{"start":{"line":82,"column":24},"end":{"line":82,"column":43},"skip":true},"18":{"start":{"line":83,"column":24},"end":{"line":83,"column":30},"skip":true},"19":{"start":{"line":85,"column":24},"end":{"line":85,"column":49},"skip":true},"20":{"start":{"line":89,"column":12},"end":{"line":107,"column":13},"skip":true},"21":{"start":{"line":92,"column":16},"end":{"line":102,"column":17},"skip":true},"22":{"start":{"line":93,"column":20},"end":{"line":93,"column":86},"skip":true},"23":{"start":{"line":94,"column":20},"end":{"line":95,"column":45},"skip":true},"24":{"start":{"line":96,"column":20},"end":{"line":96,"column":42},"skip":true},"25":{"start":{"line":97,"column":20},"end":{"line":97,"column":48},"skip":true},"26":{"start":{"line":100,"column":20},"end":{"line":100,"column":85},"skip":true},"27":{"start":{"line":101,"column":20},"end":{"line":101,"column":96},"skip":true},"28":{"start":{"line":103,"column":16},"end":{"line":103,"column":22},"skip":true},"29":{"start":{"line":106,"column":16},"end":{"line":106,"column":22},"skip":true},"30":{"start":{"line":108,"column":12},"end":{"line":120,"column":13},"skip":true},"31":{"start":{"line":114,"column":16},"end":{"line":119,"column":17},"skip":true},"32":{"start":{"line":116,"column":20},"end":{"line":116,"column":78},"skip":true},"33":{"start":{"line":118,"column":20},"end":{"line":118,"column":47},"skip":true},"34":{"start":{"line":123,"column":8},"end":{"line":141,"column":11},"skip":true},"35":{"start":{"line":124,"column":12},"end":{"line":124,"column":54},"skip":true},"36":{"start":{"line":125,"column":12},"end":{"line":140,"column":14},"skip":true},"37":{"start":{"line":126,"column":16},"end":{"line":126,"column":28},"skip":true},"38":{"start":{"line":127,"column":16},"end":{"line":127,"column":69},"skip":true},"39":{"start":{"line":128,"column":16},"end":{"line":128,"column":75},"skip":true},"40":{"start":{"line":129,"column":16},"end":{"line":131,"column":17},"skip":true},"41":{"start":{"line":130,"column":20},"end":{"line":130,"column":27},"skip":true},"42":{"start":{"line":133,"column":16},"end":{"line":137,"column":36},"skip":true},"43":{"start":{"line":134,"column":20},"end":{"line":136,"column":55},"skip":true},"44":{"start":{"line":139,"column":16},"end":{"line":139,"column":57},"skip":true},"45":{"start":{"line":143,"column":8},"end":{"line":147,"column":11},"skip":true},"46":{"start":{"line":144,"column":12},"end":{"line":146,"column":15},"skip":true},"47":{"start":{"line":145,"column":16},"end":{"line":145,"column":70},"skip":true},"48":{"start":{"line":149,"column":8},"end":{"line":149,"column":31},"skip":true},"49":{"start":{"line":150,"column":8},"end":{"line":150,"column":14},"skip":true},"50":{"start":{"line":158,"column":8},"end":{"line":158,"column":31},"skip":true},"51":{"start":{"line":160,"column":8},"end":{"line":160,"column":33},"skip":true},"52":{"start":{"line":161,"column":8},"end":{"line":161,"column":37},"skip":true},"53":{"start":{"line":162,"column":8},"end":{"line":162,"column":35},"skip":true},"54":{"start":{"line":164,"column":8},"end":{"line":164,"column":50},"skip":true},"55":{"start":{"line":166,"column":8},"end":{"line":256,"column":2},"skip":true},"56":{"start":{"line":258,"column":8},"end":{"line":286,"column":9},"skip":true},"57":{"start":{"line":259,"column":12},"end":{"line":269,"column":14},"skip":true},"58":{"start":{"line":271,"column":12},"end":{"line":285,"column":19},"skip":true},"59":{"start":{"line":274,"column":20},"end":{"line":274,"column":35},"skip":true},"60":{"start":{"line":275,"column":20},"end":{"line":284,"column":21},"skip":true},"61":{"start":{"line":277,"column":24},"end":{"line":277,"column":64},"skip":true},"62":{"start":{"line":279,"column":24},"end":{"line":279,"column":40},"skip":true},"63":{"start":{"line":281,"column":24},"end":{"line":281,"column":40},"skip":true},"64":{"start":{"line":283,"column":24},"end":{"line":283,"column":39},"skip":true},"65":{"start":{"line":288,"column":8},"end":{"line":290,"column":9},"skip":true},"66":{"start":{"line":289,"column":12},"end":{"line":289,"column":18},"skip":true},"67":{"start":{"line":291,"column":8},"end":{"line":293,"column":54},"skip":true},"68":{"start":{"line":296,"column":8},"end":{"line":301,"column":37},"skip":true},"69":{"start":{"line":303,"column":8},"end":{"line":303,"column":82},"skip":true},"70":{"start":{"line":306,"column":8},"end":{"line":308,"column":9},"skip":true},"71":{"start":{"line":307,"column":12},"end":{"line":307,"column":82},"skip":true},"72":{"start":{"line":310,"column":8},"end":{"line":312,"column":9},"skip":true},"73":{"start":{"line":311,"column":12},"end":{"line":311,"column":18},"skip":true},"74":{"start":{"line":313,"column":8},"end":{"line":313,"column":54},"skip":true},"75":{"start":{"line":314,"column":8},"end":{"line":314,"column":69},"skip":true},"76":{"start":{"line":315,"column":8},"end":{"line":323,"column":36},"skip":true},"77":{"start":{"line":316,"column":12},"end":{"line":316,"column":61},"skip":true},"78":{"start":{"line":317,"column":12},"end":{"line":320,"column":13},"skip":true},"79":{"start":{"line":318,"column":16},"end":{"line":318,"column":75},"skip":true},"80":{"start":{"line":319,"column":16},"end":{"line":319,"column":23},"skip":true},"81":{"start":{"line":321,"column":12},"end":{"line":321,"column":38},"skip":true},"82":{"start":{"line":322,"column":12},"end":{"line":322,"column":27},"skip":true},"83":{"start":{"line":324,"column":8},"end":{"line":324,"column":14},"skip":true}},"branchMap":{"1":{"line":39,"type":"binary-expr","locations":[{"start":{"line":39,"column":23},"end":{"line":39,"column":62}},{"start":{"line":40,"column":20},"end":{"line":40,"column":70}},{"start":{"line":41,"column":20},"end":{"line":41,"column":71}},{"start":{"line":42,"column":20},"end":{"line":42,"column":29}}]},"2":{"line":44,"type":"binary-expr","locations":[{"start":{"line":44,"column":23},"end":{"line":44,"column":37}},{"start":{"line":45,"column":20},"end":{"line":45,"column":61}},{"start":{"line":46,"column":20},"end":{"line":46,"column":70}},{"start":{"line":47,"column":20},"end":{"line":47,"column":26}}]},"3":{"line":51,"type":"cond-expr","locations":[{"start":{"line":52,"column":14},"end":{"line":52,"column":20}},{"start":{"line":53,"column":14},"end":{"line":53,"column":20}}]},"4":{"line":55,"type":"binary-expr","locations":[{"start":{"line":55,"column":16},"end":{"line":55,"column":44}},{"start":{"line":55,"column":49},"end":{"line":57,"column":43}}]},"5":{"line":55,"type":"cond-expr","locations":[{"start":{"line":56,"column":14},"end":{"line":56,"column":55}},{"start":{"line":57,"column":14},"end":{"line":57,"column":43}}]},"6":{"line":61,"type":"switch","locations":[{"start":{"line":68,"column":4},"end":{"line":150,"column":14},"skip":true},{"start":{"line":156,"column":4},"end":{"line":324,"column":14},"skip":true}]},"7":{"line":70,"type":"if","locations":[{"start":{"line":70,"column":12},"end":{"line":70,"column":12},"skip":true},{"start":{"line":70,"column":12},"end":{"line":70,"column":12},"skip":true}]},"8":{"line":70,"type":"binary-expr","locations":[{"start":{"line":70,"column":16},"end":{"line":70,"column":22},"skip":true},{"start":{"line":70,"column":27},"end":{"line":70,"column":32},"skip":true},{"start":{"line":71,"column":20},"end":{"line":71,"column":39},"skip":true},{"start":{"line":72,"column":20},"end":{"line":72,"column":49},"skip":true},{"start":{"line":73,"column":20},"end":{"line":73,"column":58},"skip":true},{"start":{"line":74,"column":20},"end":{"line":74,"column":69},"skip":true}]},"9":{"line":79,"type":"switch","locations":[{"start":{"line":80,"column":20},"end":{"line":80,"column":33},"skip":true},{"start":{"line":81,"column":20},"end":{"line":83,"column":30},"skip":true},{"start":{"line":84,"column":20},"end":{"line":85,"column":49},"skip":true}]},"10":{"line":89,"type":"switch","locations":[{"start":{"line":90,"column":12},"end":{"line":103,"column":22},"skip":true},{"start":{"line":105,"column":12},"end":{"line":106,"column":22},"skip":true}]},"11":{"line":89,"type":"binary-expr","locations":[{"start":{"line":89,"column":20},"end":{"line":89,"column":25},"skip":true},{"start":{"line":89,"column":29},"end":{"line":89,"column":48},"skip":true},{"start":{"line":89,"column":52},"end":{"line":89,"column":74},"skip":true}]},"12":{"line":92,"type":"if","locations":[{"start":{"line":92,"column":16},"end":{"line":92,"column":16},"skip":true},{"start":{"line":92,"column":16},"end":{"line":92,"column":16},"skip":true}]},"13":{"line":108,"type":"if","locations":[{"start":{"line":108,"column":12},"end":{"line":108,"column":12},"skip":true},{"start":{"line":108,"column":12},"end":{"line":108,"column":12},"skip":true}]},"14":{"line":108,"type":"binary-expr","locations":[{"start":{"line":108,"column":16},"end":{"line":108,"column":61},"skip":true},{"start":{"line":108,"column":66},"end":{"line":108,"column":72},"skip":true},{"start":{"line":108,"column":77},"end":{"line":108,"column":82},"skip":true},{"start":{"line":109,"column":20},"end":{"line":109,"column":39},"skip":true},{"start":{"line":110,"column":20},"end":{"line":110,"column":49},"skip":true},{"start":{"line":111,"column":20},"end":{"line":111,"column":58},"skip":true},{"start":{"line":112,"column":20},"end":{"line":112,"column":68},"skip":true}]},"15":{"line":129,"type":"if","locations":[{"start":{"line":129,"column":16},"end":{"line":129,"column":16},"skip":true},{"start":{"line":129,"column":16},"end":{"line":129,"column":16},"skip":true}]},"16":{"line":134,"type":"cond-expr","locations":[{"start":{"line":135,"column":26},"end":{"line":135,"column":29},"skip":true},{"start":{"line":136,"column":26},"end":{"line":136,"column":54},"skip":true}]},"17":{"line":164,"type":"binary-expr","locations":[{"start":{"line":164,"column":27},"end":{"line":164,"column":43},"skip":true},{"start":{"line":164,"column":47},"end":{"line":164,"column":49},"skip":true}]},"18":{"line":258,"type":"if","locations":[{"start":{"line":258,"column":8},"end":{"line":258,"column":8},"skip":true},{"start":{"line":258,"column":8},"end":{"line":258,"column":8},"skip":true}]},"19":{"line":275,"type":"switch","locations":[{"start":{"line":276,"column":20},"end":{"line":277,"column":64},"skip":true},{"start":{"line":278,"column":20},"end":{"line":279,"column":40},"skip":true},{"start":{"line":280,"column":20},"end":{"line":281,"column":40},"skip":true},{"start":{"line":282,"column":20},"end":{"line":283,"column":39},"skip":true}]},"20":{"line":288,"type":"if","locations":[{"start":{"line":288,"column":8},"end":{"line":288,"column":8},"skip":true},{"start":{"line":288,"column":8},"end":{"line":288,"column":8},"skip":true}]},"21":{"line":288,"type":"binary-expr","locations":[{"start":{"line":288,"column":12},"end":{"line":288,"column":40},"skip":true},{"start":{"line":288,"column":44},"end":{"line":288,"column":67},"skip":true}]},"22":{"line":292,"type":"binary-expr","locations":[{"start":{"line":292,"column":12},"end":{"line":292,"column":50},"skip":true},{"start":{"line":293,"column":12},"end":{"line":293,"column":53},"skip":true}]},"23":{"line":297,"type":"binary-expr","locations":[{"start":{"line":297,"column":12},"end":{"line":297,"column":69},"skip":true},{"start":{"line":298,"column":12},"end":{"line":301,"column":36},"skip":true}]},"24":{"line":303,"type":"binary-expr","locations":[{"start":{"line":303,"column":43},"end":{"line":303,"column":75},"skip":true},{"start":{"line":303,"column":79},"end":{"line":303,"column":81},"skip":true}]},"25":{"line":306,"type":"if","locations":[{"start":{"line":306,"column":8},"end":{"line":306,"column":8},"skip":true},{"start":{"line":306,"column":8},"end":{"line":306,"column":8},"skip":true}]},"26":{"line":310,"type":"if","locations":[{"start":{"line":310,"column":8},"end":{"line":310,"column":8},"skip":true},{"start":{"line":310,"column":8},"end":{"line":310,"column":8},"skip":true}]},"27":{"line":313,"type":"binary-expr","locations":[{"start":{"line":313,"column":27},"end":{"line":313,"column":43},"skip":true},{"start":{"line":313,"column":47},"end":{"line":313,"column":53},"skip":true}]},"28":{"line":317,"type":"if","locations":[{"start":{"line":317,"column":12},"end":{"line":317,"column":12},"skip":true},{"start":{"line":317,"column":12},"end":{"line":317,"column":12},"skip":true}]}},"code":["/*","example.js","","quickstart example","","instruction","    1. save this script as example.js","    2. run the shell command:","        $ npm install npmtest-markdown-it && PORT=8081 node example.js","    3. play with the browser-demo on http://127.0.0.1:8081","*/","","","","/* istanbul instrument in package npmtest_markdown_it */","/*jslint","    bitwise: true,","    browser: true,","    maxerr: 8,","    maxlen: 96,","    node: true,","    nomen: true,","    regexp: true,","    stupid: true","*/","(function () {","    'use strict';","    var local;","","","","    // run shared js-env code - pre-init","    (function () {","        // init local","        local = {};","        // init modeJs","        local.modeJs = (function () {","            try {","                return typeof navigator.userAgent === 'string' &&","                    typeof document.querySelector('body') === 'object' &&","                    typeof XMLHttpRequest.prototype.open === 'function' &&","                    'browser';","            } catch (errorCaughtBrowser) {","                return module.exports &&","                    typeof process.versions.node === 'string' &&","                    typeof require('http').createServer === 'function' &&","                    'node';","            }","        }());","        // init global","        local.global = local.modeJs === 'browser'","            ? window","            : global;","        // init utility2_rollup","        local = local.global.utility2_rollup || (local.modeJs === 'browser'","            ? local.global.utility2_npmtest_markdown_it","            : global.utility2_moduleExports);","        // export local","        local.global.local = local;","    }());","    switch (local.modeJs) {","","","","    // post-init","    // run browser js-env code - post-init","    /* istanbul ignore next */","    case 'browser':","        local.testRunBrowser = function (event) {","            if (!event || (event &&","                    event.currentTarget &&","                    event.currentTarget.className &&","                    event.currentTarget.className.includes &&","                    event.currentTarget.className.includes('onreset'))) {","                // reset output","                Array.from(","                    document.querySelectorAll('body > .resettable')","                ).forEach(function (element) {","                    switch (element.tagName) {","                    case 'INPUT':","                    case 'TEXTAREA':","                        element.value = '';","                        break;","                    default:","                        element.textContent = '';","                    }","                });","            }","            switch (event && event.currentTarget && event.currentTarget.id) {","            case 'testRunButton1':","                // show tests","                if (document.querySelector('#testReportDiv1').style.display === 'none') {","                    document.querySelector('#testReportDiv1').style.display = 'block';","                    document.querySelector('#testRunButton1').textContent =","                        'hide internal test';","                    local.modeTest = true;","                    local.testRunDefault(local);","                // hide tests","                } else {","                    document.querySelector('#testReportDiv1').style.display = 'none';","                    document.querySelector('#testRunButton1').textContent = 'run internal test';","                }","                break;","            // custom-case","            default:","                break;","            }","            if (document.querySelector('#inputTextareaEval1') && (!event || (event &&","                    event.currentTarget &&","                    event.currentTarget.className &&","                    event.currentTarget.className.includes &&","                    event.currentTarget.className.includes('oneval')))) {","                // try to eval input-code","                try {","                    /*jslint evil: true*/","                    eval(document.querySelector('#inputTextareaEval1').value);","                } catch (errorCaught) {","                    console.error(errorCaught);","                }","            }","        };","        // log stderr and stdout to #outputTextareaStdout1","        ['error', 'log'].forEach(function (key) {","            console[key + '_original'] = console[key];","            console[key] = function () {","                var element;","                console[key + '_original'].apply(console, arguments);","                element = document.querySelector('#outputTextareaStdout1');","                if (!element) {","                    return;","                }","                // append text to #outputTextareaStdout1","                element.value += Array.from(arguments).map(function (arg) {","                    return typeof arg === 'string'","                        ? arg","                        : JSON.stringify(arg, null, 4);","                }).join(' ') + '\\n';","                // scroll textarea to bottom","                element.scrollTop = element.scrollHeight;","            };","        });","        // init event-handling","        ['change', 'click', 'keyup'].forEach(function (event) {","            Array.from(document.querySelectorAll('.on' + event)).forEach(function (element) {","                element.addEventListener(event, local.testRunBrowser);","            });","        });","        // run tests","        local.testRunBrowser();","        break;","","","","    // run node js-env code - post-init","    /* istanbul ignore next */","    case 'node':","        // export local","        module.exports = local;","        // require modules","        local.fs = require('fs');","        local.http = require('http');","        local.url = require('url');","        // init assets","        local.assetsDict = local.assetsDict || {};","        /* jslint-ignore-begin */","        local.assetsDict['/assets.index.template.html'] = '\\","<!doctype html>\\n\\","<html lang=\"en\">\\n\\","<head>\\n\\","<meta charset=\"UTF-8\">\\n\\","<meta name=\"viewport\" content=\"width=device-width, initial-scale=1\">\\n\\","<title>{{env.npm_package_name}} (v{{env.npm_package_version}})</title>\\n\\","<style>\\n\\","/*csslint\\n\\","    box-sizing: false,\\n\\","    universal-selector: false\\n\\","*/\\n\\","* {\\n\\","    box-sizing: border-box;\\n\\","}\\n\\","body {\\n\\","    background: #dde;\\n\\","    font-family: Arial, Helvetica, sans-serif;\\n\\","    margin: 2rem;\\n\\","}\\n\\","body > * {\\n\\","    margin-bottom: 1rem;\\n\\","}\\n\\",".utility2FooterDiv {\\n\\","    margin-top: 20px;\\n\\","    text-align: center;\\n\\","}\\n\\","</style>\\n\\","<style>\\n\\","/*csslint\\n\\","*/\\n\\","textarea {\\n\\","    font-family: monospace;\\n\\","    height: 10rem;\\n\\","    width: 100%;\\n\\","}\\n\\","textarea[readonly] {\\n\\","    background: #ddd;\\n\\","}\\n\\","</style>\\n\\","</head>\\n\\","<body>\\n\\","<!-- utility2-comment\\n\\","<div id=\"ajaxProgressDiv1\" style=\"background: #d00; height: 2px; left: 0; margin: 0; padding: 0; position: fixed; top: 0; transition: background 0.5s, width 1.5s; width: 25%;\"></div>\\n\\","utility2-comment -->\\n\\","<h1>\\n\\","<!-- utility2-comment\\n\\","    <a\\n\\","        {{#if env.npm_package_homepage}}\\n\\","        href=\"{{env.npm_package_homepage}}\"\\n\\","        {{/if env.npm_package_homepage}}\\n\\","        target=\"_blank\"\\n\\","    >\\n\\","utility2-comment -->\\n\\","        {{env.npm_package_name}} (v{{env.npm_package_version}})\\n\\","<!-- utility2-comment\\n\\","    </a>\\n\\","utility2-comment -->\\n\\","</h1>\\n\\","<h3>{{env.npm_package_description}}</h3>\\n\\","<!-- utility2-comment\\n\\","<h4><a download href=\"assets.app.js\">download standalone app</a></h4>\\n\\","<button class=\"onclick onreset\" id=\"testRunButton1\">run internal test</button><br>\\n\\","<div id=\"testReportDiv1\" style=\"display: none;\"></div>\\n\\","utility2-comment -->\\n\\","\\n\\","\\n\\","\\n\\","<label>stderr and stdout</label>\\n\\","<textarea class=\"resettable\" id=\"outputTextareaStdout1\" readonly></textarea>\\n\\","<!-- utility2-comment\\n\\","{{#if isRollup}}\\n\\","<script src=\"assets.app.js\"></script>\\n\\","{{#unless isRollup}}\\n\\","utility2-comment -->\\n\\","<script src=\"assets.utility2.rollup.js\"></script>\\n\\","<script src=\"jsonp.utility2._stateInit?callback=window.utility2._stateInit\"></script>\\n\\","<script src=\"assets.npmtest_markdown_it.rollup.js\"></script>\\n\\","<script src=\"assets.example.js\"></script>\\n\\","<script src=\"assets.test.js\"></script>\\n\\","<!-- utility2-comment\\n\\","{{/if isRollup}}\\n\\","utility2-comment -->\\n\\","<div class=\"utility2FooterDiv\">\\n\\","    [ this app was created with\\n\\","    <a href=\"https://github.com/kaizhu256/node-utility2\" target=\"_blank\">utility2</a>\\n\\","    ]\\n\\","</div>\\n\\","</body>\\n\\","</html>\\n\\","';","        /* jslint-ignore-end */","        if (local.templateRender) {","            local.assetsDict['/'] = local.templateRender(","                local.assetsDict['/assets.index.template.html'],","                {","                    env: local.objectSetDefault(local.env, {","                        npm_package_description: 'the greatest app in the world!',","                        npm_package_name: 'my-app',","                        npm_package_nameAlias: 'my_app',","                        npm_package_version: '0.0.1'","                    })","                }","            );","        } else {","            local.assetsDict['/'] = local.assetsDict['/assets.index.template.html']","                .replace((/\\{\\{env\\.(\\w+?)\\}\\}/g), function (match0, match1) {","                    // jslint-hack","                    String(match0);","                    switch (match1) {","                    case 'npm_package_description':","                        return 'the greatest app in the world!';","                    case 'npm_package_name':","                        return 'my-app';","                    case 'npm_package_nameAlias':","                        return 'my_app';","                    case 'npm_package_version':","                        return '0.0.1';","                    }","                });","        }","        // run the cli","        if (local.global.utility2_rollup || module !== require.main) {","            break;","        }","        local.assetsDict['/assets.example.js'] =","            local.assetsDict['/assets.example.js'] ||","            local.fs.readFileSync(__filename, 'utf8');","        // bug-workaround - long $npm_package_buildCustomOrg","        /* jslint-ignore-begin */","        local.assetsDict['/assets.npmtest_markdown_it.rollup.js'] =","            local.assetsDict['/assets.npmtest_markdown_it.rollup.js'] ||","            local.fs.readFileSync(","                local.npmtest_markdown_it.__dirname + '/lib.npmtest_markdown_it.js',","                'utf8'","            ).replace((/^#!/), '//');","        /* jslint-ignore-end */","        local.assetsDict['/favicon.ico'] = local.assetsDict['/favicon.ico'] || '';","        // if $npm_config_timeout_exit exists,","        // then exit this process after $npm_config_timeout_exit ms","        if (Number(process.env.npm_config_timeout_exit)) {","            setTimeout(process.exit, Number(process.env.npm_config_timeout_exit));","        }","        // start server","        if (local.global.utility2_serverHttp1) {","            break;","        }","        process.env.PORT = process.env.PORT || '8081';","        console.error('server starting on port ' + process.env.PORT);","        local.http.createServer(function (request, response) {","            request.urlParsed = local.url.parse(request.url);","            if (local.assetsDict[request.urlParsed.pathname] !== undefined) {","                response.end(local.assetsDict[request.urlParsed.pathname]);","                return;","            }","            response.statusCode = 404;","            response.end();","        }).listen(process.env.PORT);","        break;","    }","}());",""],"l":{"26":2,"28":2,"33":2,"35":2,"37":2,"38":2,"39":2,"44":1,"51":2,"55":2,"59":2,"61":2,"69":1,"70":2,"76":2,"79":2,"82":2,"83":2,"85":1,"89":2,"92":1,"93":1,"94":1,"96":1,"97":1,"100":1,"101":1,"103":1,"106":1,"108":2,"114":1,"116":1,"118":1,"123":1,"124":2,"125":2,"126":3,"127":3,"128":3,"129":3,"130":1,"133":3,"134":3,"139":3,"143":1,"144":3,"145":1,"149":1,"150":1,"158":1,"160":1,"161":1,"162":1,"164":1,"166":1,"258":1,"259":1,"271":1,"274":6,"275":6,"277":1,"279":2,"281":1,"283":2,"288":1,"289":1,"291":1,"296":1,"303":1,"306":1,"307":1,"310":1,"311":1,"313":1,"314":1,"315":1,"316":1,"317":1,"318":1,"319":1,"321":1,"322":1,"324":1}},"/home/travis/build/npmtest/node-npmtest-markdown-it/node_modules/markdown-it/index.js":{"path":"/home/travis/build/npmtest/node-npmtest-markdown-it/node_modules/markdown-it/index.js","s":{"1":1},"b":{},"f":{},"fnMap":{},"statementMap":{"1":{"start":{"line":4,"column":0},"end":{"line":4,"column":35}}},"branchMap":{},"code":["'use strict';","","","module.exports = require('./lib/');",""],"l":{"4":1}},"/home/travis/build/npmtest/node-npmtest-markdown-it/node_modules/markdown-it/lib/index.js":{"path":"/home/travis/build/npmtest/node-npmtest-markdown-it/node_modules/markdown-it/lib/index.js","s":{"1":1,"2":1,"3":1,"4":1,"5":1,"6":1,"7":1,"8":1,"9":1,"10":1,"11":1,"12":1,"13":1,"14":0,"15":0,"16":1,"17":1,"18":0,"19":0,"20":0,"21":0,"22":0,"23":0,"24":1,"25":0,"26":0,"27":0,"28":0,"29":0,"30":0,"31":1,"32":0,"33":0,"34":0,"35":0,"36":0,"37":0,"38":0,"39":0,"40":0,"41":0,"42":0,"43":0,"44":0,"45":0,"46":0,"47":0,"48":0,"49":0,"50":0,"51":0,"52":1,"53":0,"54":0,"55":1,"56":0,"57":0,"58":0,"59":0,"60":0,"61":0,"62":0,"63":0,"64":0,"65":0,"66":0,"67":0,"68":0,"69":0,"70":0,"71":0,"72":0,"73":1,"74":0,"75":0,"76":0,"77":0,"78":0,"79":0,"80":0,"81":0,"82":0,"83":0,"84":0,"85":1,"86":0,"87":0,"88":0,"89":0,"90":0,"91":0,"92":0,"93":0,"94":0,"95":0,"96":0,"97":1,"98":0,"99":0,"100":0,"101":1,"102":0,"103":0,"104":0,"105":0,"106":0,"107":1,"108":0,"109":0,"110":1,"111":0,"112":0,"113":0,"114":0,"115":1,"116":0,"117":0,"118":1},"b":{"1":[0,0],"2":[0,0],"3":[0,0],"4":[0,0],"5":[0,0],"6":[0,0],"7":[0,0],"8":[0,0],"9":[0,0],"10":[0,0],"11":[0,0],"12":[0,0],"13":[0,0],"14":[0,0],"15":[0,0],"16":[0,0],"17":[0,0],"18":[0,0],"19":[0,0],"20":[0,0],"21":[0,0],"22":[0,0],"23":[0,0],"24":[0,0],"25":[0,0],"26":[0,0],"27":[0,0],"28":[0,0],"29":[0,0]},"f":{"1":0,"2":0,"3":0,"4":0,"5":0,"6":0,"7":0,"8":0,"9":0,"10":0,"11":0,"12":0,"13":0,"14":0,"15":0,"16":0,"17":0,"18":0},"fnMap":{"1":{"name":"validateLink","line":35,"loc":{"start":{"line":35,"column":0},"end":{"line":35,"column":27}}},"2":{"name":"normalizeLink","line":47,"loc":{"start":{"line":47,"column":0},"end":{"line":47,"column":28}}},"3":{"name":"normalizeLinkText","line":67,"loc":{"start":{"line":67,"column":0},"end":{"line":67,"column":32}}},"4":{"name":"MarkdownIt","line":221,"loc":{"start":{"line":221,"column":0},"end":{"line":221,"column":41}}},"5":{"name":"(anonymous_5)","line":370,"loc":{"start":{"line":370,"column":27},"end":{"line":370,"column":46}}},"6":{"name":"(anonymous_6)","line":386,"loc":{"start":{"line":386,"column":33},"end":{"line":386,"column":52}}},"7":{"name":"(anonymous_7)","line":400,"loc":{"start":{"line":400,"column":44},"end":{"line":400,"column":60}}},"8":{"name":"(anonymous_8)","line":430,"loc":{"start":{"line":430,"column":30},"end":{"line":430,"column":61}}},"9":{"name":"(anonymous_9)","line":435,"loc":{"start":{"line":435,"column":40},"end":{"line":435,"column":57}}},"10":{"name":"(anonymous_10)","line":441,"loc":{"start":{"line":441,"column":27},"end":{"line":441,"column":43}}},"11":{"name":"(anonymous_11)","line":458,"loc":{"start":{"line":458,"column":31},"end":{"line":458,"column":62}}},"12":{"name":"(anonymous_12)","line":463,"loc":{"start":{"line":463,"column":40},"end":{"line":463,"column":57}}},"13":{"name":"(anonymous_13)","line":469,"loc":{"start":{"line":469,"column":27},"end":{"line":469,"column":43}}},"14":{"name":"(anonymous_14)","line":494,"loc":{"start":{"line":494,"column":27},"end":{"line":494,"column":64}}},"15":{"name":"(anonymous_15)","line":516,"loc":{"start":{"line":516,"column":29},"end":{"line":516,"column":49}}},"16":{"name":"(anonymous_16)","line":540,"loc":{"start":{"line":540,"column":30},"end":{"line":540,"column":50}}},"17":{"name":"(anonymous_17)","line":556,"loc":{"start":{"line":556,"column":35},"end":{"line":556,"column":55}}},"18":{"name":"(anonymous_18)","line":574,"loc":{"start":{"line":574,"column":36},"end":{"line":574,"column":56}}}},"statementMap":{"1":{"start":{"line":6,"column":0},"end":{"line":6,"column":45}},"2":{"start":{"line":7,"column":0},"end":{"line":7,"column":40}},"3":{"start":{"line":8,"column":0},"end":{"line":8,"column":41}},"4":{"start":{"line":9,"column":0},"end":{"line":9,"column":44}},"5":{"start":{"line":10,"column":0},"end":{"line":10,"column":45}},"6":{"start":{"line":11,"column":0},"end":{"line":11,"column":46}},"7":{"start":{"line":12,"column":0},"end":{"line":12,"column":41}},"8":{"start":{"line":13,"column":0},"end":{"line":13,"column":36}},"9":{"start":{"line":14,"column":0},"end":{"line":14,"column":39}},"10":{"start":{"line":17,"column":0},"end":{"line":21,"column":2}},"11":{"start":{"line":32,"column":0},"end":{"line":32,"column":55}},"12":{"start":{"line":33,"column":0},"end":{"line":33,"column":55}},"13":{"start":{"line":35,"column":0},"end":{"line":40,"column":1}},"14":{"start":{"line":37,"column":2},"end":{"line":37,"column":37}},"15":{"start":{"line":39,"column":2},"end":{"line":39,"column":81}},"16":{"start":{"line":45,"column":0},"end":{"line":45,"column":59}},"17":{"start":{"line":47,"column":0},"end":{"line":65,"column":1}},"18":{"start":{"line":48,"column":2},"end":{"line":48,"column":38}},"19":{"start":{"line":50,"column":2},"end":{"line":62,"column":3}},"20":{"start":{"line":57,"column":4},"end":{"line":61,"column":5}},"21":{"start":{"line":58,"column":6},"end":{"line":60,"column":27}},"22":{"start":{"line":59,"column":8},"end":{"line":59,"column":60}},"23":{"start":{"line":64,"column":2},"end":{"line":64,"column":44}},"24":{"start":{"line":67,"column":0},"end":{"line":85,"column":1}},"25":{"start":{"line":68,"column":2},"end":{"line":68,"column":38}},"26":{"start":{"line":70,"column":2},"end":{"line":82,"column":3}},"27":{"start":{"line":77,"column":4},"end":{"line":81,"column":5}},"28":{"start":{"line":78,"column":6},"end":{"line":80,"column":27}},"29":{"start":{"line":79,"column":8},"end":{"line":79,"column":62}},"30":{"start":{"line":84,"column":2},"end":{"line":84,"column":44}},"31":{"start":{"line":221,"column":0},"end":{"line":348,"column":1}},"32":{"start":{"line":222,"column":2},"end":{"line":224,"column":3}},"33":{"start":{"line":223,"column":4},"end":{"line":223,"column":47}},"34":{"start":{"line":226,"column":2},"end":{"line":231,"column":3}},"35":{"start":{"line":227,"column":4},"end":{"line":230,"column":5}},"36":{"start":{"line":228,"column":6},"end":{"line":228,"column":33}},"37":{"start":{"line":229,"column":6},"end":{"line":229,"column":29}},"38":{"start":{"line":240,"column":2},"end":{"line":240,"column":35}},"39":{"start":{"line":249,"column":2},"end":{"line":249,"column":33}},"40":{"start":{"line":258,"column":2},"end":{"line":258,"column":31}},"41":{"start":{"line":281,"column":2},"end":{"line":281,"column":33}},"42":{"start":{"line":290,"column":2},"end":{"line":290,"column":33}},"43":{"start":{"line":307,"column":2},"end":{"line":307,"column":35}},"44":{"start":{"line":315,"column":2},"end":{"line":315,"column":37}},"45":{"start":{"line":322,"column":2},"end":{"line":322,"column":45}},"46":{"start":{"line":333,"column":2},"end":{"line":333,"column":21}},"47":{"start":{"line":341,"column":2},"end":{"line":341,"column":43}},"48":{"start":{"line":344,"column":2},"end":{"line":344,"column":20}},"49":{"start":{"line":345,"column":2},"end":{"line":345,"column":29}},"50":{"start":{"line":347,"column":2},"end":{"line":347,"column":37}},"51":{"start":{"line":347,"column":17},"end":{"line":347,"column":35}},"52":{"start":{"line":370,"column":0},"end":{"line":373,"column":2}},"53":{"start":{"line":371,"column":2},"end":{"line":371,"column":38}},"54":{"start":{"line":372,"column":2},"end":{"line":372,"column":14}},"55":{"start":{"line":386,"column":0},"end":{"line":410,"column":2}},"56":{"start":{"line":387,"column":2},"end":{"line":387,"column":30}},"57":{"start":{"line":389,"column":2},"end":{"line":393,"column":3}},"58":{"start":{"line":390,"column":4},"end":{"line":390,"column":25}},"59":{"start":{"line":391,"column":4},"end":{"line":391,"column":33}},"60":{"start":{"line":392,"column":4},"end":{"line":392,"column":101}},"61":{"start":{"line":392,"column":20},"end":{"line":392,"column":99}},"62":{"start":{"line":395,"column":2},"end":{"line":395,"column":83}},"63":{"start":{"line":395,"column":18},"end":{"line":395,"column":81}},"64":{"start":{"line":397,"column":2},"end":{"line":397,"column":53}},"65":{"start":{"line":397,"column":25},"end":{"line":397,"column":51}},"66":{"start":{"line":399,"column":2},"end":{"line":408,"column":3}},"67":{"start":{"line":400,"column":4},"end":{"line":407,"column":7}},"68":{"start":{"line":401,"column":6},"end":{"line":403,"column":7}},"69":{"start":{"line":402,"column":8},"end":{"line":402,"column":68}},"70":{"start":{"line":404,"column":6},"end":{"line":406,"column":7}},"71":{"start":{"line":405,"column":8},"end":{"line":405,"column":70}},"72":{"start":{"line":409,"column":2},"end":{"line":409,"column":14}},"73":{"start":{"line":430,"column":0},"end":{"line":448,"column":2}},"74":{"start":{"line":431,"column":2},"end":{"line":431,"column":18}},"75":{"start":{"line":433,"column":2},"end":{"line":433,"column":48}},"76":{"start":{"line":433,"column":30},"end":{"line":433,"column":46}},"77":{"start":{"line":435,"column":2},"end":{"line":437,"column":11}},"78":{"start":{"line":436,"column":4},"end":{"line":436,"column":65}},"79":{"start":{"line":439,"column":2},"end":{"line":439,"column":64}},"80":{"start":{"line":441,"column":2},"end":{"line":441,"column":81}},"81":{"start":{"line":441,"column":45},"end":{"line":441,"column":77}},"82":{"start":{"line":443,"column":2},"end":{"line":445,"column":3}},"83":{"start":{"line":444,"column":4},"end":{"line":444,"column":79}},"84":{"start":{"line":447,"column":2},"end":{"line":447,"column":14}},"85":{"start":{"line":458,"column":0},"end":{"line":475,"column":2}},"86":{"start":{"line":459,"column":2},"end":{"line":459,"column":18}},"87":{"start":{"line":461,"column":2},"end":{"line":461,"column":48}},"88":{"start":{"line":461,"column":30},"end":{"line":461,"column":46}},"89":{"start":{"line":463,"column":2},"end":{"line":465,"column":11}},"90":{"start":{"line":464,"column":4},"end":{"line":464,"column":66}},"91":{"start":{"line":467,"column":2},"end":{"line":467,"column":65}},"92":{"start":{"line":469,"column":2},"end":{"line":469,"column":81}},"93":{"start":{"line":469,"column":45},"end":{"line":469,"column":77}},"94":{"start":{"line":471,"column":2},"end":{"line":473,"column":3}},"95":{"start":{"line":472,"column":4},"end":{"line":472,"column":80}},"96":{"start":{"line":474,"column":2},"end":{"line":474,"column":14}},"97":{"start":{"line":494,"column":0},"end":{"line":498,"column":2}},"98":{"start":{"line":495,"column":2},"end":{"line":495,"column":71}},"99":{"start":{"line":496,"column":2},"end":{"line":496,"column":29}},"100":{"start":{"line":497,"column":2},"end":{"line":497,"column":14}},"101":{"start":{"line":516,"column":0},"end":{"line":526,"column":2}},"102":{"start":{"line":517,"column":2},"end":{"line":519,"column":3}},"103":{"start":{"line":518,"column":4},"end":{"line":518,"column":53}},"104":{"start":{"line":521,"column":2},"end":{"line":521,"column":50}},"105":{"start":{"line":523,"column":2},"end":{"line":523,"column":27}},"106":{"start":{"line":525,"column":2},"end":{"line":525,"column":22}},"107":{"start":{"line":540,"column":0},"end":{"line":544,"column":2}},"108":{"start":{"line":541,"column":2},"end":{"line":541,"column":18}},"109":{"start":{"line":543,"column":2},"end":{"line":543,"column":71}},"110":{"start":{"line":556,"column":0},"end":{"line":563,"column":2}},"111":{"start":{"line":557,"column":2},"end":{"line":557,"column":50}},"112":{"start":{"line":559,"column":2},"end":{"line":559,"column":26}},"113":{"start":{"line":560,"column":2},"end":{"line":560,"column":27}},"114":{"start":{"line":562,"column":2},"end":{"line":562,"column":22}},"115":{"start":{"line":574,"column":0},"end":{"line":578,"column":2}},"116":{"start":{"line":575,"column":2},"end":{"line":575,"column":18}},"117":{"start":{"line":577,"column":2},"end":{"line":577,"column":77}},"118":{"start":{"line":581,"column":0},"end":{"line":581,"column":28}}},"branchMap":{"1":{"line":39,"type":"cond-expr","locations":[{"start":{"line":39,"column":35},"end":{"line":39,"column":72}},{"start":{"line":39,"column":76},"end":{"line":39,"column":80}}]},"2":{"line":39,"type":"cond-expr","locations":[{"start":{"line":39,"column":60},"end":{"line":39,"column":64}},{"start":{"line":39,"column":67},"end":{"line":39,"column":72}}]},"3":{"line":50,"type":"if","locations":[{"start":{"line":50,"column":2},"end":{"line":50,"column":2}},{"start":{"line":50,"column":2},"end":{"line":50,"column":2}}]},"4":{"line":57,"type":"if","locations":[{"start":{"line":57,"column":4},"end":{"line":57,"column":4}},{"start":{"line":57,"column":4},"end":{"line":57,"column":4}}]},"5":{"line":57,"type":"binary-expr","locations":[{"start":{"line":57,"column":8},"end":{"line":57,"column":24}},{"start":{"line":57,"column":28},"end":{"line":57,"column":77}}]},"6":{"line":70,"type":"if","locations":[{"start":{"line":70,"column":2},"end":{"line":70,"column":2}},{"start":{"line":70,"column":2},"end":{"line":70,"column":2}}]},"7":{"line":77,"type":"if","locations":[{"start":{"line":77,"column":4},"end":{"line":77,"column":4}},{"start":{"line":77,"column":4},"end":{"line":77,"column":4}}]},"8":{"line":77,"type":"binary-expr","locations":[{"start":{"line":77,"column":8},"end":{"line":77,"column":24}},{"start":{"line":77,"column":28},"end":{"line":77,"column":77}}]},"9":{"line":222,"type":"if","locations":[{"start":{"line":222,"column":2},"end":{"line":222,"column":2}},{"start":{"line":222,"column":2},"end":{"line":222,"column":2}}]},"10":{"line":226,"type":"if","locations":[{"start":{"line":226,"column":2},"end":{"line":226,"column":2}},{"start":{"line":226,"column":2},"end":{"line":226,"column":2}}]},"11":{"line":227,"type":"if","locations":[{"start":{"line":227,"column":4},"end":{"line":227,"column":4}},{"start":{"line":227,"column":4},"end":{"line":227,"column":4}}]},"12":{"line":228,"type":"binary-expr","locations":[{"start":{"line":228,"column":16},"end":{"line":228,"column":26}},{"start":{"line":228,"column":30},"end":{"line":228,"column":32}}]},"13":{"line":347,"type":"if","locations":[{"start":{"line":347,"column":2},"end":{"line":347,"column":2}},{"start":{"line":347,"column":2},"end":{"line":347,"column":2}}]},"14":{"line":389,"type":"if","locations":[{"start":{"line":389,"column":2},"end":{"line":389,"column":2}},{"start":{"line":389,"column":2},"end":{"line":389,"column":2}}]},"15":{"line":392,"type":"if","locations":[{"start":{"line":392,"column":4},"end":{"line":392,"column":4}},{"start":{"line":392,"column":4},"end":{"line":392,"column":4}}]},"16":{"line":395,"type":"if","locations":[{"start":{"line":395,"column":2},"end":{"line":395,"column":2}},{"start":{"line":395,"column":2},"end":{"line":395,"column":2}}]},"17":{"line":397,"type":"if","locations":[{"start":{"line":397,"column":2},"end":{"line":397,"column":2}},{"start":{"line":397,"column":2},"end":{"line":397,"column":2}}]},"18":{"line":399,"type":"if","locations":[{"start":{"line":399,"column":2},"end":{"line":399,"column":2}},{"start":{"line":399,"column":2},"end":{"line":399,"column":2}}]},"19":{"line":401,"type":"if","locations":[{"start":{"line":401,"column":6},"end":{"line":401,"column":6}},{"start":{"line":401,"column":6},"end":{"line":401,"column":6}}]},"20":{"line":404,"type":"if","locations":[{"start":{"line":404,"column":6},"end":{"line":404,"column":6}},{"start":{"line":404,"column":6},"end":{"line":404,"column":6}}]},"21":{"line":433,"type":"if","locations":[{"start":{"line":433,"column":2},"end":{"line":433,"column":2}},{"start":{"line":433,"column":2},"end":{"line":433,"column":2}}]},"22":{"line":443,"type":"if","locations":[{"start":{"line":443,"column":2},"end":{"line":443,"column":2}},{"start":{"line":443,"column":2},"end":{"line":443,"column":2}}]},"23":{"line":443,"type":"binary-expr","locations":[{"start":{"line":443,"column":6},"end":{"line":443,"column":19}},{"start":{"line":443,"column":23},"end":{"line":443,"column":37}}]},"24":{"line":461,"type":"if","locations":[{"start":{"line":461,"column":2},"end":{"line":461,"column":2}},{"start":{"line":461,"column":2},"end":{"line":461,"column":2}}]},"25":{"line":471,"type":"if","locations":[{"start":{"line":471,"column":2},"end":{"line":471,"column":2}},{"start":{"line":471,"column":2},"end":{"line":471,"column":2}}]},"26":{"line":471,"type":"binary-expr","locations":[{"start":{"line":471,"column":6},"end":{"line":471,"column":19}},{"start":{"line":471,"column":23},"end":{"line":471,"column":37}}]},"27":{"line":517,"type":"if","locations":[{"start":{"line":517,"column":2},"end":{"line":517,"column":2}},{"start":{"line":517,"column":2},"end":{"line":517,"column":2}}]},"28":{"line":541,"type":"binary-expr","locations":[{"start":{"line":541,"column":8},"end":{"line":541,"column":11}},{"start":{"line":541,"column":15},"end":{"line":541,"column":17}}]},"29":{"line":575,"type":"binary-expr","locations":[{"start":{"line":575,"column":8},"end":{"line":575,"column":11}},{"start":{"line":575,"column":15},"end":{"line":575,"column":17}}]}},"code":["// Main parser class","","'use strict';","","","var utils        = require('./common/utils');","var helpers      = require('./helpers');","var Renderer     = require('./renderer');","var ParserCore   = require('./parser_core');","var ParserBlock  = require('./parser_block');","var ParserInline = require('./parser_inline');","var LinkifyIt    = require('linkify-it');","var mdurl        = require('mdurl');","var punycode     = require('punycode');","","","var config = {","  'default': require('./presets/default'),","  zero: require('./presets/zero'),","  commonmark: require('./presets/commonmark')","};","","////////////////////////////////////////////////////////////////////////////////","//","// This validator can prohibit more than really needed to prevent XSS. It's a","// tradeoff to keep code simple and to be secure by default.","//","// If you need different setup - override validator method as you wish. Or","// replace it with dummy function and use external sanitizer.","//","","var BAD_PROTO_RE = /^(vbscript|javascript|file|data):/;","var GOOD_DATA_RE = /^data:image\\/(gif|png|jpeg|webp);/;","","function validateLink(url) {","  // url should be normalized at this point, and existing entities are decoded","  var str = url.trim().toLowerCase();","","  return BAD_PROTO_RE.test(str) ? (GOOD_DATA_RE.test(str) ? true : false) : true;","}","","////////////////////////////////////////////////////////////////////////////////","","","var RECODE_HOSTNAME_FOR = [ 'http:', 'https:', 'mailto:' ];","","function normalizeLink(url) {","  var parsed = mdurl.parse(url, true);","","  if (parsed.hostname) {","    // Encode hostnames in urls like:","    // `http://host/`, `https://host/`, `mailto:user@host`, `//host/`","    //","    // We don't encode unknown schemas, because it's likely that we encode","    // something we shouldn't (e.g. `skype:name` treated as `skype:host`)","    //","    if (!parsed.protocol || RECODE_HOSTNAME_FOR.indexOf(parsed.protocol) >= 0) {","      try {","        parsed.hostname = punycode.toASCII(parsed.hostname);","      } catch (er) { /**/ }","    }","  }","","  return mdurl.encode(mdurl.format(parsed));","}","","function normalizeLinkText(url) {","  var parsed = mdurl.parse(url, true);","","  if (parsed.hostname) {","    // Encode hostnames in urls like:","    // `http://host/`, `https://host/`, `mailto:user@host`, `//host/`","    //","    // We don't encode unknown schemas, because it's likely that we encode","    // something we shouldn't (e.g. `skype:name` treated as `skype:host`)","    //","    if (!parsed.protocol || RECODE_HOSTNAME_FOR.indexOf(parsed.protocol) >= 0) {","      try {","        parsed.hostname = punycode.toUnicode(parsed.hostname);","      } catch (er) { /**/ }","    }","  }","","  return mdurl.decode(mdurl.format(parsed));","}","","","/**"," * class MarkdownIt"," *"," * Main parser/renderer class."," *"," * ##### Usage"," *"," * ```javascript"," * // node.js, \"classic\" way:"," * var MarkdownIt = require('markdown-it'),"," *     md = new MarkdownIt();"," * var result = md.render('# markdown-it rulezz!');"," *"," * // node.js, the same, but with sugar:"," * var md = require('markdown-it')();"," * var result = md.render('# markdown-it rulezz!');"," *"," * // browser without AMD, added to \"window\" on script load"," * // Note, there are no dash."," * var md = window.markdownit();"," * var result = md.render('# markdown-it rulezz!');"," * ```"," *"," * Single line rendering, without paragraph wrap:"," *"," * ```javascript"," * var md = require('markdown-it')();"," * var result = md.renderInline('__markdown-it__ rulezz!');"," * ```"," **/","","/**"," * new MarkdownIt([presetName, options])"," * - presetName (String): optional, `commonmark` / `zero`"," * - options (Object)"," *"," * Creates parser instanse with given config. Can be called without `new`."," *"," * ##### presetName"," *"," * MarkdownIt provides named presets as a convenience to quickly"," * enable/disable active syntax rules and options for common use cases."," *"," * - [\"commonmark\"](https://github.com/markdown-it/markdown-it/blob/master/lib/presets/commonmark.js) -"," *   configures parser to strict [CommonMark](http://commonmark.org/) mode."," * - [default](https://github.com/markdown-it/markdown-it/blob/master/lib/presets/default.js) -"," *   similar to GFM, used when no preset name given. Enables all available rules,"," *   but still without html, typographer & autolinker."," * - [\"zero\"](https://github.com/markdown-it/markdown-it/blob/master/lib/presets/zero.js) -"," *   all rules disabled. Useful to quickly setup your config via `.enable()`."," *   For example, when you need only `bold` and `italic` markup and nothing else."," *"," * ##### options:"," *"," * - __html__ - `false`. Set `true` to enable HTML tags in source. Be careful!"," *   That's not safe! You may need external sanitizer to protect output from XSS."," *   It's better to extend features via plugins, instead of enabling HTML."," * - __xhtmlOut__ - `false`. Set `true` to add '/' when closing single tags"," *   (`<br />`). This is needed only for full CommonMark compatibility. In real"," *   world you will need HTML output."," * - __breaks__ - `false`. Set `true` to convert `\\n` in paragraphs into `<br>`."," * - __langPrefix__ - `language-`. CSS language class prefix for fenced blocks."," *   Can be useful for external highlighters."," * - __linkify__ - `false`. Set `true` to autoconvert URL-like text to links."," * - __typographer__  - `false`. Set `true` to enable [some language-neutral"," *   replacement](https://github.com/markdown-it/markdown-it/blob/master/lib/rules_core/replacements.js) +"," *   quotes beautification (smartquotes)."," * - __quotes__ - `“”‘’`, String or Array. Double + single quotes replacement"," *   pairs, when typographer enabled and smartquotes on. For example, you can"," *   use `'«»„“'` for Russian, `'„“‚‘'` for German, and"," *   `['«\\xA0', '\\xA0»', '‹\\xA0', '\\xA0›']` for French (including nbsp)."," * - __highlight__ - `null`. Highlighter function for fenced code blocks."," *   Highlighter `function (str, lang)` should return escaped HTML. It can also"," *   return empty string if the source was not changed and should be escaped"," *   externaly. If result starts with <pre... internal wrapper is skipped."," *"," * ##### Example"," *"," * ```javascript"," * // commonmark mode"," * var md = require('markdown-it')('commonmark');"," *"," * // default mode"," * var md = require('markdown-it')();"," *"," * // enable everything"," * var md = require('markdown-it')({"," *   html: true,"," *   linkify: true,"," *   typographer: true"," * });"," * ```"," *"," * ##### Syntax highlighting"," *"," * ```js"," * var hljs = require('highlight.js') // https://highlightjs.org/"," *"," * var md = require('markdown-it')({"," *   highlight: function (str, lang) {"," *     if (lang && hljs.getLanguage(lang)) {"," *       try {"," *         return hljs.highlight(lang, str, true).value;"," *       } catch (__) {}"," *     }"," *"," *     return ''; // use external default escaping"," *   }"," * });"," * ```"," *"," * Or with full wrapper override (if you need assign class to `<pre>`):"," *"," * ```javascript"," * var hljs = require('highlight.js') // https://highlightjs.org/"," *"," * // Actual default values"," * var md = require('markdown-it')({"," *   highlight: function (str, lang) {"," *     if (lang && hljs.getLanguage(lang)) {"," *       try {"," *         return '<pre class=\"hljs\"><code>' +"," *                hljs.highlight(lang, str, true).value +"," *                '</code></pre>';"," *       } catch (__) {}"," *     }"," *"," *     return '<pre class=\"hljs\"><code>' + md.utils.escapeHtml(str) + '</code></pre>';"," *   }"," * });"," * ```"," *"," **/","function MarkdownIt(presetName, options) {","  if (!(this instanceof MarkdownIt)) {","    return new MarkdownIt(presetName, options);","  }","","  if (!options) {","    if (!utils.isString(presetName)) {","      options = presetName || {};","      presetName = 'default';","    }","  }","","  /**","   * MarkdownIt#inline -> ParserInline","   *","   * Instance of [[ParserInline]]. You may need it to add new rules when","   * writing plugins. For simple rules control use [[MarkdownIt.disable]] and","   * [[MarkdownIt.enable]].","   **/","  this.inline = new ParserInline();","","  /**","   * MarkdownIt#block -> ParserBlock","   *","   * Instance of [[ParserBlock]]. You may need it to add new rules when","   * writing plugins. For simple rules control use [[MarkdownIt.disable]] and","   * [[MarkdownIt.enable]].","   **/","  this.block = new ParserBlock();","","  /**","   * MarkdownIt#core -> Core","   *","   * Instance of [[Core]] chain executor. You may need it to add new rules when","   * writing plugins. For simple rules control use [[MarkdownIt.disable]] and","   * [[MarkdownIt.enable]].","   **/","  this.core = new ParserCore();","","  /**","   * MarkdownIt#renderer -> Renderer","   *","   * Instance of [[Renderer]]. Use it to modify output look. Or to add rendering","   * rules for new token types, generated by plugins.","   *","   * ##### Example","   *","   * ```javascript","   * var md = require('markdown-it')();","   *","   * function myToken(tokens, idx, options, env, self) {","   *   //...","   *   return result;","   * };","   *","   * md.renderer.rules['my_token'] = myToken","   * ```","   *","   * See [[Renderer]] docs and [source code](https://github.com/markdown-it/markdown-it/blob/master/lib/renderer.js).","   **/","  this.renderer = new Renderer();","","  /**","   * MarkdownIt#linkify -> LinkifyIt","   *","   * [linkify-it](https://github.com/markdown-it/linkify-it) instance.","   * Used by [linkify](https://github.com/markdown-it/markdown-it/blob/master/lib/rules_core/linkify.js)","   * rule.","   **/","  this.linkify = new LinkifyIt();","","  /**","   * MarkdownIt#validateLink(url) -> Boolean","   *","   * Link validation function. CommonMark allows too much in links. By default","   * we disable `javascript:`, `vbscript:`, `file:` schemas, and almost all `data:...` schemas","   * except some embedded image types.","   *","   * You can change this behaviour:","   *","   * ```javascript","   * var md = require('markdown-it')();","   * // enable everything","   * md.validateLink = function () { return true; }","   * ```","   **/","  this.validateLink = validateLink;","","  /**","   * MarkdownIt#normalizeLink(url) -> String","   *","   * Function used to encode link url to a machine-readable format,","   * which includes url-encoding, punycode, etc.","   **/","  this.normalizeLink = normalizeLink;","","  /**","   * MarkdownIt#normalizeLinkText(url) -> String","   *","   * Function used to decode link url to a human-readable format`","   **/","  this.normalizeLinkText = normalizeLinkText;","","","  // Expose utils & helpers for easy acces from plugins","","  /**","   * MarkdownIt#utils -> utils","   *","   * Assorted utility functions, useful to write plugins. See details","   * [here](https://github.com/markdown-it/markdown-it/blob/master/lib/common/utils.js).","   **/","  this.utils = utils;","","  /**","   * MarkdownIt#helpers -> helpers","   *","   * Link components parser functions, useful to write plugins. See details","   * [here](https://github.com/markdown-it/markdown-it/blob/master/lib/helpers).","   **/","  this.helpers = utils.assign({}, helpers);","","","  this.options = {};","  this.configure(presetName);","","  if (options) { this.set(options); }","}","","","/** chainable"," * MarkdownIt.set(options)"," *"," * Set parser options (in the same format as in constructor). Probably, you"," * will never need it, but you can change options after constructor call."," *"," * ##### Example"," *"," * ```javascript"," * var md = require('markdown-it')()"," *             .set({ html: true, breaks: true })"," *             .set({ typographer, true });"," * ```"," *"," * __Note:__ To achieve the best possible performance, don't modify a"," * `markdown-it` instance options on the fly. If you need multiple configurations"," * it's best to create multiple instances and initialize each with separate"," * config."," **/","MarkdownIt.prototype.set = function (options) {","  utils.assign(this.options, options);","  return this;","};","","","/** chainable, internal"," * MarkdownIt.configure(presets)"," *"," * Batch load of all options and compenent settings. This is internal method,"," * and you probably will not need it. But if you with - see available presets"," * and data structure [here](https://github.com/markdown-it/markdown-it/tree/master/lib/presets)"," *"," * We strongly recommend to use presets instead of direct config loads. That"," * will give bet
[...]
start":{"line":89,"column":48},"end":{"line":89,"column":90}}]},"9":{"line":94,"type":"if","locations":[{"start":{"line":94,"column":2},"end":{"line":94,"column":2}},{"start":{"line":94,"column":2},"end":{"line":94,"column":2}}]},"10":{"line":96,"type":"if","locations":[{"start":{"line":96,"column":9},"end":{"line":96,"column":9}},{"start":{"line":96,"column":9},"end":{"line":96,"column":9}}]},"11":{"line":97,"type":"if","locations":[{"start":{"line":97,"column":4},"end":{"line":97,"column":4}},{"start":{"line":97,"column":4},"end":{"line":97,"column":4}}]},"12":{"line":97,"type":"binary-expr","locations":[{"start":{"line":97,"column":10},"end":{"line":97,"column":26}},{"start":{"line":97,"column":30},"end":{"line":97,"column":45}}]},"13":{"line":102,"type":"if","locations":[{"start":{"line":102,"column":2},"end":{"line":102,"column":2}},{"start":{"line":102,"column":2},"end":{"line":102,"column":2}}]},"14":{"line":104,"type":"if","locations":[{"start":{"line":104,"column":9},"end":{"line":104,"column":9}},{"start":{"line":104,"column":9},"end":{"line":104,"column":9}}]},"15":{"line":105,"type":"if","locations":[{"start":{"line":105,"column":4},"end":{"line":105,"column":4}},{"start":{"line":105,"column":4},"end":{"line":105,"column":4}}]},"16":{"line":105,"type":"binary-expr","locations":[{"start":{"line":105,"column":10},"end":{"line":105,"column":26}},{"start":{"line":105,"column":30},"end":{"line":105,"column":45}}]},"17":{"line":110,"type":"if","locations":[{"start":{"line":110,"column":2},"end":{"line":110,"column":2}},{"start":{"line":110,"column":2},"end":{"line":110,"column":2}}]},"18":{"line":111,"type":"binary-expr","locations":[{"start":{"line":111,"column":16},"end":{"line":111,"column":29}},{"start":{"line":111,"column":35},"end":{"line":111,"column":50}},{"start":{"line":111,"column":54},"end":{"line":111,"column":69}}]},"19":{"line":112,"type":"binary-expr","locations":[{"start":{"line":112,"column":16},"end":{"line":112,"column":30}},{"start":{"line":112,"column":35},"end":{"line":112,"column":49}},{"start":{"line":112,"column":54},"end":{"line":112,"column":69}}]}},"code":["// Inline parser state","","'use strict';","","","var Token          = require('../token');","var isWhiteSpace   = require('../common/utils').isWhiteSpace;","var isPunctChar    = require('../common/utils').isPunctChar;","var isMdAsciiPunct = require('../common/utils').isMdAsciiPunct;","","","function StateInline(src, md, env, outTokens) {","  this.src = src;","  this.env = env;","  this.md = md;","  this.tokens = outTokens;","","  this.pos = 0;","  this.posMax = this.src.length;","  this.level = 0;","  this.pending = '';","  this.pendingLevel = 0;","","  this.cache = {};        // Stores { start: end } pairs. Useful for backtrack","                          // optimization of pairs parse (emphasis, strikes).","","  this.delimiters = [];   // Emphasis-like delimiters","}","","","// Flush pending text","//","StateInline.prototype.pushPending = function () {","  var token = new Token('text', '', 0);","  token.content = this.pending;","  token.level = this.pendingLevel;","  this.tokens.push(token);","  this.pending = '';","  return token;","};","","","// Push new token to \"stream\".","// If pending text exists - flush it as text token","//","StateInline.prototype.push = function (type, tag, nesting) {","  if (this.pending) {","    this.pushPending();","  }","","  var token = new Token(type, tag, nesting);","","  if (nesting < 0) { this.level--; }","  token.level = this.level;","  if (nesting > 0) { this.level++; }","","  this.pendingLevel = this.level;","  this.tokens.push(token);","  return token;","};","","","// Scan a sequence of emphasis-like markers, and determine whether","// it can start an emphasis sequence or end an emphasis sequence.","//","//  - start - position to scan from (it should point at a valid marker);","//  - canSplitWord - determine if these markers can be found inside a word","//","StateInline.prototype.scanDelims = function (start, canSplitWord) {","  var pos = start, lastChar, nextChar, count, can_open, can_close,","      isLastWhiteSpace, isLastPunctChar,","      isNextWhiteSpace, isNextPunctChar,","      left_flanking = true,","      right_flanking = true,","      max = this.posMax,","      marker = this.src.charCodeAt(start);","","  // treat beginning of the line as a whitespace","  lastChar = start > 0 ? this.src.charCodeAt(start - 1) : 0x20;","","  while (pos < max && this.src.charCodeAt(pos) === marker) { pos++; }","","  count = pos - start;","","  // treat end of the line as a whitespace","  nextChar = pos < max ? this.src.charCodeAt(pos) : 0x20;","","  isLastPunctChar = isMdAsciiPunct(lastChar) || isPunctChar(String.fromCharCode(lastChar));","  isNextPunctChar = isMdAsciiPunct(nextChar) || isPunctChar(String.fromCharCode(nextChar));","","  isLastWhiteSpace = isWhiteSpace(lastChar);","  isNextWhiteSpace = isWhiteSpace(nextChar);","","  if (isNextWhiteSpace) {","    left_flanking = false;","  } else if (isNextPunctChar) {","    if (!(isLastWhiteSpace || isLastPunctChar)) {","      left_flanking = false;","    }","  }","","  if (isLastWhiteSpace) {","    right_flanking = false;","  } else if (isLastPunctChar) {","    if (!(isNextWhiteSpace || isNextPunctChar)) {","      right_flanking = false;","    }","  }","","  if (!canSplitWord) {","    can_open  = left_flanking  && (!right_flanking || isLastPunctChar);","    can_close = right_flanking && (!left_flanking  || isNextPunctChar);","  } else {","    can_open  = left_flanking;","    can_close = right_flanking;","  }","","  return {","    can_open:  can_open,","    can_close: can_close,","    length:    count","  };","};","","","// re-export Token class to use in block rules","StateInline.prototype.Token = Token;","","","module.exports = StateInline;",""],"l":{"6":1,"7":1,"8":1,"9":1,"12":1,"13":0,"14":0,"15":0,"16":0,"18":0,"19":0,"20":0,"21":0,"22":0,"24":0,"27":0,"33":1,"34":0,"35":0,"36":0,"37":0,"38":0,"39":0,"46":1,"47":0,"48":0,"51":0,"53":0,"54":0,"55":0,"57":0,"58":0,"59":0,"69":1,"70":0,"79":0,"81":0,"83":0,"86":0,"88":0,"89":0,"91":0,"92":0,"94":0,"95":0,"96":0,"97":0,"98":0,"102":0,"103":0,"104":0,"105":0,"106":0,"110":0,"111":0,"112":0,"114":0,"115":0,"118":0,"127":1,"130":1}},"/home/travis/build/npmtest/node-npmtest-markdown-it/node_modules/markdown-it/lib/presets/default.js":{"path":"/home/travis/build/npmtest/node-npmtest-markdown-it/node_modules/markdown-it/lib/presets/default.js","s":{"1":1},"b":{},"f":{},"fnMap":{},"statementMap":{"1":{"start":{"line":6,"column":0},"end":{"line":41,"column":2}}},"branchMap":{},"code":["// markdown-it default options","","'use strict';","","","module.exports = {","  options: {","    html:         false,        // Enable HTML tags in source","    xhtmlOut:     false,        // Use '/' to close single tags (<br />)","    breaks:       false,        // Convert '\\n' in paragraphs into <br>","    langPrefix:   'language-',  // CSS language prefix for fenced blocks","    linkify:      false,        // autoconvert URL-like texts to links","","    // Enable some language-neutral replacements + quotes beautification","    typographer:  false,","","    // Double + single quotes replacement pairs, when typographer enabled,","    // and smartquotes on. Could be either a String or an Array.","    //","    // For example, you can use '«»„“' for Russian, '„“‚‘' for German,","    // and ['«\\xA0', '\\xA0»', '‹\\xA0', '\\xA0›'] for French (including nbsp).","    quotes: '\\u201c\\u201d\\u2018\\u2019', /* “”‘’ */","","    // Highlighter function. Should return escaped HTML,","    // or '' if the source string is not changed and should be escaped externaly.","    // If result starts with <pre... internal wrapper is skipped.","    //","    // function (/*str, lang*/) { return ''; }","    //","    highlight: null,","","    maxNesting:   100            // Internal protection, recursion limit","  },","","  components: {","","    core: {},","    block: {},","    inline: {}","  }","};",""],"l":{"6":1}},"/home/travis/build/npmtest/node-npmtest-markdown-it/node_modules/markdown-it/lib/presets/zero.js":{"path":"/home/travis/build/npmtest/node-npmtest-markdown-it/node_modules/markdown-it/lib/presets/zero.js","s":{"1":1},"b":{},"f":{},"fnMap":{},"statementMap":{"1":{"start":{"line":7,"column":0},"end":{"line":62,"column":2}}},"branchMap":{},"code":["// \"Zero\" preset, with nothing enabled. Useful for manual configuring of simple","// modes. For example, to parse bold/italic only.","","'use strict';","","","module.exports = {","  options: {","    html:         false,        // Enable HTML tags in source","    xhtmlOut:     false,        // Use '/' to close single tags (<br />)","    breaks:       false,        // Convert '\\n' in paragraphs into <br>","    langPrefix:   'language-',  // CSS language prefix for fenced blocks","    linkify:      false,        // autoconvert URL-like texts to links","","    // Enable some language-neutral replacements + quotes beautification","    typographer:  false,","","    // Double + single quotes replacement pairs, when typographer enabled,","    // and smartquotes on. Could be either a String or an Array.","    //","    // For example, you can use '«»„“' for Russian, '„“‚‘' for German,","    // and ['«\\xA0', '\\xA0»', '‹\\xA0', '\\xA0›'] for French (including nbsp).","    quotes: '\\u201c\\u201d\\u2018\\u2019', /* “”‘’ */","","    // Highlighter function. Should return escaped HTML,","    // or '' if the source string is not changed and should be escaped externaly.","    // If result starts with <pre... internal wrapper is skipped.","    //","    // function (/*str, lang*/) { return ''; }","    //","    highlight: null,","","    maxNesting:   20            // Internal protection, recursion limit","  },","","  components: {","","    core: {","      rules: [","        'normalize',","        'block',","        'inline'","      ]","    },","","    block: {","      rules: [","        'paragraph'","      ]","    },","","    inline: {","      rules: [","        'text'","      ],","      rules2: [","        'balance_pairs',","        'text_collapse'","      ]","    }","  }","};",""],"l":{"7":1}},"/home/travis/build/npmtest/node-npmtest-markdown-it/node_modules/markdown-it/lib/presets/commonmark.js":{"path":"/home/travis/build/npmtest/node-npmtest-markdown-it/node_modules/markdown-it/lib/presets/commonmark.js","s":{"1":1},"b":{},"f":{},"fnMap":{},"statementMap":{"1":{"start":{"line":6,"column":0},"end":{"line":80,"column":2}}},"branchMap":{},"code":["// Commonmark default options","","'use strict';","","","module.exports = {","  options: {","    html:         true,         // Enable HTML tags in source","    xhtmlOut:     true,         // Use '/' to close single tags (<br />)","    breaks:       false,        // Convert '\\n' in paragraphs into <br>","    langPrefix:   'language-',  // CSS language prefix for fenced blocks","    linkify:      false,        // autoconvert URL-like texts to links","","    // Enable some language-neutral replacements + quotes beautification","    typographer:  false,","","    // Double + single quotes replacement pairs, when typographer enabled,","    // and smartquotes on. Could be either a String or an Array.","    //","    // For example, you can use '«»„“' for Russian, '„“‚‘' for German,","    // and ['«\\xA0', '\\xA0»', '‹\\xA0', '\\xA0›'] for French (including nbsp).","    quotes: '\\u201c\\u201d\\u2018\\u2019', /* “”‘’ */","","    // Highlighter function. Should return escaped HTML,","    // or '' if the source string is not changed and should be escaped externaly.","    // If result starts with <pre... internal wrapper is skipped.","    //","    // function (/*str, lang*/) { return ''; }","    //","    highlight: null,","","    maxNesting:   20            // Internal protection, recursion limit","  },","","  components: {","","    core: {","      rules: [","        'normalize',","        'block',","        'inline'","      ]","    },","","    block: {","      rules: [","        'blockquote',","        'code',","        'fence',","        'heading',","        'hr',","        'html_block',","        'lheading',","        'list',","        'reference',","        'paragraph'","      ]","    },","","    inline: {","      rules: [","        'autolink',","        'backticks',","        'emphasis',","        'entity',","        'escape',","        'html_inline',","        'image',","        'link',","        'newline',","        'text'","      ],","      rules2: [","        'balance_pairs',","        'emphasis',","        'text_collapse'","      ]","    }","  }","};",""],"l":{"6":1}},"/home/travis/build/npmtest/node-npmtest-markdown-it/node_modules/markdown-it/bin/markdown-it.js":{"path":"/home/travis/build/npmtest/node-npmtest-markdown-it/node_modules/markdown-it/bin/markdown-it.js","s":{"1":1,"2":1,"3":1,"4":1,"5":1,"6":1,"7":1,"8":1,"9":1,"10":1,"11":1,"12":1,"13":1,"14":1,"15":0,"16":1,"17":0,"18":0,"19":1,"20":0,"21":0,"22":0,"23":0,"24":0,"25":0,"26":0,"27":0,"28":0,"29":0,"30":0,"31":0,"32":0,"33":0,"34":0},"b":{"1":[1,0],"2":[0,0],"3":[0,0],"4":[0,0,0,0],"5":[0,0,0,0],"6":[0,0]},"f":{"1":1,"2":0,"3":0,"4":0},"fnMap":{"1":{"name":"readFile","line":53,"loc":{"start":{"line":53,"column":0},"end":{"line":53,"column":48}}},"2":{"name":"(anonymous_2)","line":58,"loc":{"start":{"line":58,"column":29},"end":{"line":58,"column":46}}},"3":{"name":"(anonymous_3)","line":60,"loc":{"start":{"line":60,"column":28},"end":{"line":60,"column":40}}},"4":{"name":"(anonymous_4)","line":71,"loc":{"start":{"line":71,"column":31},"end":{"line":71,"column":53}}}},"statementMap":{"1":{"start":{"line":7,"column":0},"end":{"line":7,"column":23}},"2":{"start":{"line":8,"column":0},"end":{"line":8,"column":35}},"3":{"start":{"line":13,"column":0},"end":{"line":17,"column":3}},"4":{"start":{"line":19,"column":0},"end":{"line":22,"column":3}},"5":{"start":{"line":24,"column":0},"end":{"line":27,"column":3}},"6":{"start":{"line":29,"column":0},"end":{"line":32,"column":3}},"7":{"start":{"line":34,"column":0},"end":{"line":37,"column":3}},"8":{"start":{"line":39,"column":0},"end":{"line":43,"column":3}},"9":{"start":{"line":45,"column":0},"end":{"line":48,"column":3}},"10":{"start":{"line":50,"column":0},"end":{"line":50,"column":30}},"11":{"start":{"line":53,"column":0},"end":{"line":66,"column":1}},"12":{"start":{"line":54,"column":2},"end":{"line":65,"column":3}},"13":{"start":{"line":56,"column":4},"end":{"line":56,"column":20}},"14":{"start":{"line":58,"column":4},"end":{"line":58,"column":71}},"15":{"start":{"line":58,"column":48},"end":{"line":58,"column":67}},"16":{"start":{"line":60,"column":4},"end":{"line":62,"column":7}},"17":{"start":{"line":61,"column":6},"end":{"line":61,"column":70}},"18":{"start":{"line":64,"column":4},"end":{"line":64,"column":46}},"19":{"start":{"line":71,"column":0},"end":{"line":113,"column":3}},"20":{"start":{"line":72,"column":2},"end":{"line":72,"column":17}},"21":{"start":{"line":74,"column":2},"end":{"line":86,"column":3}},"22":{"start":{"line":75,"column":4},"end":{"line":78,"column":5}},"23":{"start":{"line":76,"column":6},"end":{"line":76,"column":55}},"24":{"start":{"line":77,"column":6},"end":{"line":77,"column":22}},"25":{"start":{"line":80,"column":4},"end":{"line":83,"column":19}},"26":{"start":{"line":85,"column":4},"end":{"line":85,"column":20}},"27":{"start":{"line":88,"column":2},"end":{"line":93,"column":5}},"28":{"start":{"line":95,"column":2},"end":{"line":105,"column":3}},"29":{"start":{"line":96,"column":4},"end":{"line":96,"column":30}},"30":{"start":{"line":99,"column":4},"end":{"line":102,"column":17}},"31":{"start":{"line":104,"column":4},"end":{"line":104,"column":20}},"32":{"start":{"line":107,"column":2},"end":{"line":112,"column":3}},"33":{"start":{"line":109,"column":4},"end":{"line":109,"column":33}},"34":{"start":{"line":111,"column":4},"end":{"line":111,"column":45}}},"branchMap":{"1":{"line":54,"type":"if","locations":[{"start":{"line":54,"column":2},"end":{"line":54,"column":2}},{"start":{"line":54,"column":2},"end":{"line":54,"column":2}}]},"2":{"line":74,"type":"if","locations":[{"start":{"line":74,"column":2},"end":{"line":74,"column":2}},{"start":{"line":74,"column":2},"end":{"line":74,"column":2}}]},"3":{"line":75,"type":"if","locations":[{"start":{"line":75,"column":4},"end":{"line":75,"column":4}},{"start":{"line":75,"column":4},"end":{"line":75,"column":4}}]},"4":{"line":81,"type":"binary-expr","locations":[{"start":{"line":81,"column":6},"end":{"line":81,"column":19}},{"start":{"line":81,"column":23},"end":{"line":81,"column":32}},{"start":{"line":82,"column":6},"end":{"line":82,"column":17}},{"start":{"line":83,"column":6},"end":{"line":83,"column":17}}]},"5":{"line":100,"type":"binary-expr","locations":[{"start":{"line":100,"column":6},"end":{"line":100,"column":19}},{"start":{"line":100,"column":23},"end":{"line":100,"column":30}},{"start":{"line":101,"column":6},"end":{"line":101,"column":15}},{"start":{"line":102,"column":6},"end":{"line":102,"column":15}}]},"6":{"line":107,"type":"if","locations":[{"start":{"line":107,"column":2},"end":{"line":107,"column":2}},{"start":{"line":107,"column":2},"end":{"line":107,"column":2}}]}},"code":["//#!/usr/bin/env node","/*eslint no-console:0*/","","'use strict';","","","var fs = require('fs');","var argparse = require('argparse');","","","////////////////////////////////////////////////////////////////////////////////","","var cli = new argparse.ArgumentParser({","  prog: 'markdown-it',","  version: require('../package.json').version,","  addHelp: true","});","","cli.addArgument([ '--no-html' ], {","  help:   'Disable embedded HTML',","  action: 'storeTrue'","});","","cli.addArgument([ '-l', '--linkify' ], {","  help:   'Autolink text',","  action: 'storeTrue'","});","","cli.addArgument([ '-t', '--typographer' ], {","  help:   'Enable smartquotes and other typographic replacements',","  action: 'storeTrue'","});","","cli.addArgument([ '--trace' ], {","  help:   'Show stack trace on error',","  action: 'storeTrue'","});","","cli.addArgument([ 'file' ], {","  help: 'File to read',","  nargs: '?',","  defaultValue: '-'","});","","cli.addArgument([ '-o', '--output' ], {","  help: 'File to write',","  defaultValue: '-'","});","","var options = cli.parseArgs();","","","function readFile(filename, encoding, callback) {","  if (options.file === '-') {","    // read from stdin","    var chunks = [];","","    process.stdin.on('data', function (chunk) { chunks.push(chunk); });","","    process.stdin.on('end', function () {","      return callback(null, Buffer.concat(chunks).toString(encoding));","    });","  } else {","    fs.readFile(filename, encoding, callback);","  }","}","","","////////////////////////////////////////////////////////////////////////////////","","readFile(options.file, 'utf8', function (err, input) {","  var output, md;","","  if (err) {","    if (err.code === 'ENOENT') {","      console.error('File not found: ' + options.file);","      process.exit(2);","    }","","    console.error(","      options.trace && err.stack ||","      err.message ||","      String(err));","","    process.exit(1);","  }","","  md = require('..')({","    html: !options['no-html'],","    xhtmlOut: false,","    typographer: options.typographer,","    linkify: options.linkify","  });","","  try {","    output = md.render(input);","","  } catch (e) {","    console.error(","      options.trace && e.stack ||","      e.message ||","      String(e));","","    process.exit(1);","  }","","  if (options.output === '-') {","    // write to stdout","    process.stdout.write(output);","  } else {","    fs.writeFileSync(options.output, output);","  }","});",""],"l":{"7":1,"8":1,"13":1,"19":1,"24":1,"29":1,"34":1,"39":1,"45":1,"50":1,"53":1,"54":1,"56":1,"58":1,"60":1,"61":0,"64":0,"71":1,"72":0,"74":0,"75":0,"76":0,"77":0,"80":0,"85":0,"88":0,"95":0,"96":0,"99":0,"104":0,"107":0,"109":0,"111":0}}}